2011-02-08 18:00:08: Notice  : Starting Cava Packager Console Application
2011-02-08 18:00:08: Notice  : Cava Packager Version 2.0.32.53
2011-02-08 18:00:08: Notice  : Loaded Module Rules - DB Format Version: 27
2011-02-08 18:00:08: Notice  : Loaded Project : Episodescanner
2011-02-08 18:00:08: Notice  : Configuration ....
2011-02-08 18:00:08: Notice  : Project Location : C:\Users\spriebe\Desktop\MP\SVN\_myown\episodescanner\_cava\cava20.cpkgproj
2011-02-08 18:00:08: Notice  : Project name : Episodescanner
2011-02-08 18:00:08: Notice  : Process will do scan ? : YES
2011-02-08 18:00:08: Notice  : Process will do build ? : YES
2011-02-08 18:00:08: Notice  : System Info : Intel64 Family 6 Model 37 Stepping 5, GenuineIntel, Win7, 
2011-02-08 18:00:08: Notice  : Starting Project Build
2011-02-08 18:00:08: Notice  : Subscription: Cava Packager Non Commercial Use, CC3EC9AB-6E80-1014-8E63-8DAB2BE794B8
2011-02-08 18:00:08: Notice  : Re-Validating Perl
2011-02-08 18:00:08: Notice  : Installed Cava::Packager utilities version is 2.03
2011-02-08 18:00:08: Notice  : Target System Architecture = Intel 32 bit x86
2011-02-08 18:00:08: Notice  : Perl Architecture = MSWin32-x86-multi-thread
2011-02-08 18:00:08: Notice  : Perl Version = 5.10.1
2011-02-08 18:00:08: Notice  : Perl Vendor = Strawberry Perl
2011-02-08 18:00:08: Notice  : Using executable stub architecture msw/x86
2011-02-08 18:00:08: Notice  : Cleared 1 files from build directory
2011-02-08 18:00:08: Notice  : Cleared 1 files from release directory
2011-02-08 18:00:08: Notice  : Cleared 18 files from diagnostic and test directory
2011-02-08 18:00:08: Notice  : Creating Shared Library Content
2011-02-08 18:00:08: Notice  : Adding Shared Library : perl510.dll
2011-02-08 18:00:08: Notice  : Adding Additional Binary Files
2011-02-08 18:00:08: Notice  : Adding Perl Code Content
2011-02-08 18:00:08: Notice  : Building file app/episodescanner.pl
2011-02-08 18:00:09: Notice  : Building file PerlIO.pm
2011-02-08 18:00:09: Notice  : Building file PerlIO/scalar.pm
2011-02-08 18:00:09: Notice  : Building file attributes.pm
2011-02-08 18:00:09: Notice  : Building file File/Glob.pm
2011-02-08 18:00:09: Notice  : Building file File/Spec.pm
2011-02-08 18:00:09: Notice  : Building file File/Spec/Unix.pm
2011-02-08 18:00:09: Notice  : Building file File/Path.pm
2011-02-08 18:00:09: Notice  : Building file Tie/Hash/NamedCapture.pm
2011-02-08 18:00:09: Notice  : Building file feature.pm
2011-02-08 18:00:09: Notice  : Building file Win32.pm
2011-02-08 18:00:09: Notice  : Building file File/Spec/Win32.pm
2011-02-08 18:00:09: Notice  : Building file auto/DynaLoader/dl_expandspec.al
2011-02-08 18:00:09: Notice  : Building file auto/DynaLoader/dl_findfile.al
2011-02-08 18:00:09: Notice  : Building file auto/DynaLoader/dl_find_symbol_anywhere.al
2011-02-08 18:00:09: Notice  : Building file auto/DynaLoader/autosplit.ix
2011-02-08 18:00:09: Notice  : Building file HTML/Parser.pm
2011-02-08 18:00:09: Notice  : Building file Backend/Fernsehserien.pm
2011-02-08 18:00:09: Notice  : Building file Backend/TVDB.pm
2011-02-08 18:00:09: Notice  : Building file Backend/Wunschliste.pm
2011-02-08 18:00:09: Notice  : Building file Config/General.pm
2011-02-08 18:00:09: Notice  : Building file DBD/ODBC.pm
2011-02-08 18:00:09: Notice  : Building file DBD/SQLite.pm
2011-02-08 18:00:09: Notice  : Building file DBD/mysql.pm
2011-02-08 18:00:09: Notice  : Building file DBI.pm
2011-02-08 18:00:09: Notice  : Building file Data/Dumper.pm
2011-02-08 18:00:09: Notice  : Building file Encode.pm
2011-02-08 18:00:09: Notice  : Building file Encode/Byte.pm
2011-02-08 18:00:09: Notice  : Building file HTML/Entities.pm
2011-02-08 18:00:09: Notice  : Building file LWP/Simple.pm
2011-02-08 18:00:09: Notice  : Building file LWP/UserAgent.pm
2011-02-08 18:00:09: Notice  : Building file Log.pm
2011-02-08 18:00:09: Notice  : Building file Storable.pm
2011-02-08 18:00:09: Notice  : Building file auto/Storable/BIN_VERSION_NV.al
2011-02-08 18:00:09: Notice  : Building file auto/Storable/BIN_WRITE_VERSION_NV.al
2011-02-08 18:00:09: Notice  : Building file auto/Storable/CAN_FLOCK.al
2011-02-08 18:00:09: Notice  : Building file auto/Storable/fd_retrieve.al
2011-02-08 18:00:09: Notice  : Building file auto/Storable/file_magic.al
2011-02-08 18:00:09: Notice  : Building file auto/Storable/freeze.al
2011-02-08 18:00:09: Notice  : Building file auto/Storable/lock_nstore.al
2011-02-08 18:00:09: Notice  : Building file auto/Storable/lock_retrieve.al
2011-02-08 18:00:09: Notice  : Building file auto/Storable/lock_store.al
2011-02-08 18:00:09: Notice  : Building file auto/Storable/logcarp.al
2011-02-08 18:00:09: Notice  : Building file auto/Storable/logcroak.al
2011-02-08 18:00:09: Notice  : Building file auto/Storable/nfreeze.al
2011-02-08 18:00:09: Notice  : Building file auto/Storable/nstore.al
2011-02-08 18:00:09: Notice  : Building file auto/Storable/nstore_fd.al
2011-02-08 18:00:09: Notice  : Building file auto/Storable/read_magic.al
2011-02-08 18:00:09: Notice  : Building file auto/Storable/retrieve.al
2011-02-08 18:00:10: Notice  : Building file auto/Storable/show_file_magic.al
2011-02-08 18:00:10: Notice  : Building file auto/Storable/store.al
2011-02-08 18:00:10: Notice  : Building file auto/Storable/store_fd.al
2011-02-08 18:00:10: Notice  : Building file auto/Storable/thaw.al
2011-02-08 18:00:10: Notice  : Building file auto/Storable/_freeze.al
2011-02-08 18:00:10: Notice  : Building file auto/Storable/_retrieve.al
2011-02-08 18:00:10: Notice  : Building file auto/Storable/_store.al
2011-02-08 18:00:10: Notice  : Building file auto/Storable/_store_fd.al
2011-02-08 18:00:10: Notice  : Building file auto/Storable/autosplit.ix
2011-02-08 18:00:10: Notice  : Building file Text/LevenshteinXS.pm
2011-02-08 18:00:10: Notice  : Building file auto/Text/LevenshteinXS/autosplit.ix
2011-02-08 18:00:10: Notice  : Building file URI.pm
2011-02-08 18:00:10: Notice  : Building file URI/Escape.pm
2011-02-08 18:00:10: Notice  : Building file Win32/Codepage.pm
2011-02-08 18:00:10: Notice  : Building file Win32/Process.pm
2011-02-08 18:00:10: Notice  : Building file XML/Simple.pm
2011-02-08 18:00:10: Notice  : Building file thumbs.pm
2011-02-08 18:00:10: Notice  : Building file utf8.pm
2011-02-08 18:00:10: Notice  : Building file PerlIO/encoding.pm
2011-02-08 18:00:10: Notice  : Building file PerlIO/via.pm
2011-02-08 18:00:10: Notice  : Building file PerlIO/via/QuotedPrint.pm
2011-02-08 18:00:10: Notice  : Building file UNIVERSAL.pm
2011-02-08 18:00:10: Notice  : Building file Text/ParseWords.pm
2011-02-08 18:00:10: Notice  : Building file File/Spec/Cygwin.pm
2011-02-08 18:00:10: Notice  : Building file File/Spec/Epoc.pm
2011-02-08 18:00:10: Notice  : Building file File/Spec/Functions.pm
2011-02-08 18:00:10: Notice  : Building file File/Spec/Mac.pm
2011-02-08 18:00:10: Notice  : Building file File/Spec/OS2.pm
2011-02-08 18:00:10: Notice  : Building file File/Spec/VMS.pm
2011-02-08 18:00:10: Notice  : Building file Cwd.pm
2011-02-08 18:00:10: Notice  : Building file Scalar/Util.pm
2011-02-08 18:00:10: Notice  : Building file File/Basename.pm
2011-02-08 18:00:10: Notice  : Building file Symbol.pm
2011-02-08 18:00:10: Notice  : Building file Win32API/File.pm
2011-02-08 18:00:10: Notice  : Building file Backend/EpisodeSubst.pm
2011-02-08 18:00:10: Notice  : Building file Encode/Alias.pm
2011-02-08 18:00:10: Notice  : Building file Encode/Encoder.pm
2011-02-08 18:00:10: Notice  : Building file Encode/Encoding.pm
2011-02-08 18:00:10: Notice  : Building file Encode/Symbol.pm
2011-02-08 18:00:10: Notice  : Building file URI/URL.pm
2011-02-08 18:00:10: Notice  : Building file DBM/Deep.pm
2011-02-08 18:00:10: Notice  : Building file DBM/Deep/Array.pm
2011-02-08 18:00:10: Notice  : Building file DBM/Deep/Hash.pm
2011-02-08 18:00:10: Notice  : Building file TVDB/API.pm
2011-02-08 18:00:10: Notice  : Building file Config.pm
2011-02-08 18:00:10: Notice  : Building file Config/General/Extended.pm
2011-02-08 18:00:10: Notice  : Building file Config/General/Interpolated.pm
2011-02-08 18:00:10: Notice  : Building file English.pm
2011-02-08 18:00:10: Notice  : Building file FileHandle.pm
2011-02-08 18:00:10: Notice  : Building file IO/File.pm
2011-02-08 18:00:10: Notice  : Building file base.pm
2011-02-08 18:00:10: Notice  : Building file constant.pm
2011-02-08 18:00:10: Notice  : Building file DBD/Sponge.pm
2011-02-08 18:00:10: Notice  : Building file Tie/Hash.pm
2011-02-08 18:00:10: Notice  : Building file locale.pm
2011-02-08 18:00:10: Notice  : Building file DBD/mysql/GetInfo.pm
2011-02-08 18:00:10: Notice  : Building file DBI/Const/GetInfoType.pm
2011-02-08 18:00:10: Notice  : Building file DBD/DBM.pm
2011-02-08 18:00:10: Notice  : Building file DBD/ExampleP.pm
2011-02-08 18:00:10: Notice  : Building file DBD/File.pm
2011-02-08 18:00:11: Notice  : Building file DBD/NullP.pm
2011-02-08 18:00:11: Notice  : Building file DBD/Proxy.pm
2011-02-08 18:00:11: Notice  : Building file DBI/Changes.pm
2011-02-08 18:00:11: Notice  : Building file DBI/Const/GetInfo/ANSI.pm
2011-02-08 18:00:11: Notice  : Building file DBI/Const/GetInfo/ODBC.pm
2011-02-08 18:00:11: Notice  : Building file DBI/Const/GetInfoReturn.pm
2011-02-08 18:00:11: Notice  : Building file DBI/DBD.pm
2011-02-08 18:00:11: Notice  : Building file DBI/DBD/Metadata.pm
2011-02-08 18:00:11: Notice  : Building file DBI/DBD/SqlEngine.pm
2011-02-08 18:00:11: Notice  : Building file DBI/FAQ.pm
2011-02-08 18:00:11: Notice  : Building file DBI/Gofer/Execute.pm
2011-02-08 18:00:11: Notice  : Building file DBI/Gofer/Request.pm
2011-02-08 18:00:11: Notice  : Building file DBI/Gofer/Response.pm
2011-02-08 18:00:11: Notice  : Building file DBI/Gofer/Serializer/Base.pm
2011-02-08 18:00:11: Notice  : Building file DBI/Gofer/Serializer/DataDumper.pm
2011-02-08 18:00:11: Notice  : Building file DBI/Gofer/Serializer/Storable.pm
2011-02-08 18:00:11: Notice  : Building file DBI/Gofer/Transport/Base.pm
2011-02-08 18:00:11: Notice  : Building file DBI/Gofer/Transport/pipeone.pm
2011-02-08 18:00:11: Notice  : Building file DBI/Gofer/Transport/stream.pm
2011-02-08 18:00:11: Notice  : Building file DBI/Profile.pm
2011-02-08 18:00:11: Notice  : Building file DBI/ProfileData.pm
2011-02-08 18:00:11: Notice  : Building file DBI/ProfileDumper.pm
2011-02-08 18:00:11: Notice  : Building file DBI/ProfileDumper/Apache.pm
2011-02-08 18:00:11: Notice  : Building file DBI/ProfileSubs.pm
2011-02-08 18:00:11: Notice  : Building file DBI/ProxyServer.pm
2011-02-08 18:00:11: Notice  : Building file DBI/PurePerl.pm
2011-02-08 18:00:11: Notice  : Building file DBI/SQL/Nano.pm
2011-02-08 18:00:11: Notice  : Building file DBI/Util/CacheMemory.pm
2011-02-08 18:00:11: Notice  : Building file DBI/Util/_accessor.pm
2011-02-08 18:00:11: Notice  : Building file DBI/W32ODBC.pm
2011-02-08 18:00:11: Notice  : Building file bytes.pm
2011-02-08 18:00:11: Notice  : Building file B/Deparse.pm
2011-02-08 18:00:11: Notice  : Building file overload.pm
2011-02-08 18:00:11: Notice  : Building file re.pm
2011-02-08 18:00:11: Notice  : Building file Encode/CJKConstants.pm
2011-02-08 18:00:11: Notice  : Building file Encode/CN.pm
2011-02-08 18:00:11: Notice  : Building file Encode/CN/HZ.pm
2011-02-08 18:00:11: Notice  : Building file Encode/Config.pm
2011-02-08 18:00:11: Notice  : Building file Encode/EBCDIC.pm
2011-02-08 18:00:11: Notice  : Building file Encode/GSM0338.pm
2011-02-08 18:00:11: Notice  : Building file Encode/Guess.pm
2011-02-08 18:00:11: Notice  : Building file Encode/JP.pm
2011-02-08 18:00:11: Notice  : Building file Encode/JP/H2Z.pm
2011-02-08 18:00:11: Notice  : Building file Encode/JP/JIS7.pm
2011-02-08 18:00:11: Notice  : Building file Encode/KR.pm
2011-02-08 18:00:11: Notice  : Building file Encode/KR/2022_KR.pm
2011-02-08 18:00:11: Notice  : Building file Encode/MIME/Header.pm
2011-02-08 18:00:11: Notice  : Building file Encode/MIME/Header/ISO_2022_JP.pm
2011-02-08 18:00:11: Notice  : Building file Encode/MIME/Name.pm
2011-02-08 18:00:12: Notice  : Building file Encode/TW.pm
2011-02-08 18:00:12: Notice  : Building file Encode/Unicode.pm
2011-02-08 18:00:12: Notice  : Building file Encode/Unicode/UTF7.pm
2011-02-08 18:00:12: Notice  : Building file HTTP/Date.pm
2011-02-08 18:00:12: Notice  : Building file HTTP/Request.pm
2011-02-08 18:00:12: Notice  : Building file HTTP/Status.pm
2011-02-08 18:00:12: Notice  : Building file LWP/Authen/Basic.pm
2011-02-08 18:00:12: Notice  : Building file LWP/Authen/Digest.pm
2011-02-08 18:00:12: Notice  : Building file LWP/Authen/Ntlm.pm
2011-02-08 18:00:12: Notice  : Building file LWP/Protocol/GHTTP.pm
2011-02-08 18:00:12: Notice  : Building file LWP/Protocol/cpan.pm
2011-02-08 18:00:12: Notice  : Building file LWP/Protocol/data.pm
2011-02-08 18:00:12: Notice  : Building file LWP/Protocol/file.pm
2011-02-08 18:00:12: Notice  : Building file LWP/Protocol/ftp.pm
2011-02-08 18:00:12: Notice  : Building file LWP/Protocol/gopher.pm
2011-02-08 18:00:12: Notice  : Building file LWP/Protocol/http.pm
2011-02-08 18:00:12: Notice  : Building file LWP/Protocol/http10.pm
2011-02-08 18:00:12: Notice  : Building file LWP/Protocol/https.pm
2011-02-08 18:00:12: Notice  : Building file LWP/Protocol/https10.pm
2011-02-08 18:00:12: Notice  : Building file LWP/Protocol/loopback.pm
2011-02-08 18:00:12: Notice  : Building file LWP/Protocol/mailto.pm
2011-02-08 18:00:12: Notice  : Building file LWP/Protocol/nntp.pm
2011-02-08 18:00:12: Notice  : Building file LWP/Protocol/nogo.pm
2011-02-08 18:00:12: Notice  : Building file URI/http.pm
2011-02-08 18:00:12: Notice  : Building file HTML/HeadParser.pm
2011-02-08 18:00:12: Notice  : Building file HTTP/Config.pm
2011-02-08 18:00:12: Notice  : Building file HTTP/Cookies.pm
2011-02-08 18:00:12: Notice  : Building file HTTP/Headers.pm
2011-02-08 18:00:12: Notice  : Building file HTTP/Headers/Util.pm
2011-02-08 18:00:12: Notice  : Building file HTTP/Request/Common.pm
2011-02-08 18:00:12: Notice  : Building file HTTP/Response.pm
2011-02-08 18:00:12: Notice  : Building file LWP.pm
2011-02-08 18:00:12: Notice  : Building file LWP/ConnCache.pm
2011-02-08 18:00:12: Notice  : Building file LWP/MemberMixin.pm
2011-02-08 18:00:12: Notice  : Building file LWP/Protocol.pm
2011-02-08 18:00:12: Notice  : Building file uri.pm
2011-02-08 18:00:12: Notice  : Building file Fcntl.pm
2011-02-08 18:00:12: Notice  : Building file URI/Heuristic.pm
2011-02-08 18:00:12: Notice  : Building file URI/IRI.pm
2011-02-08 18:00:12: Notice  : Building file URI/QueryParam.pm
2011-02-08 18:00:12: Notice  : Building file URI/Split.pm
2011-02-08 18:00:12: Notice  : Building file URI/WithBase.pm
2011-02-08 18:00:12: Notice  : Building file URI/_foreign.pm
2011-02-08 18:00:12: Notice  : Building file URI/_generic.pm
2011-02-08 18:00:12: Notice  : Building file URI/_idna.pm
2011-02-08 18:00:12: Notice  : Building file URI/_ldap.pm
2011-02-08 18:00:12: Notice  : Building file URI/_login.pm
2011-02-08 18:00:12: Notice  : Building file URI/_punycode.pm
2011-02-08 18:00:12: Notice  : Building file URI/_query.pm
2011-02-08 18:00:12: Notice  : Building file URI/_segment.pm
2011-02-08 18:00:12: Notice  : Building file URI/_server.pm
2011-02-08 18:00:12: Notice  : Building file URI/_userpass.pm
2011-02-08 18:00:12: Notice  : Building file URI/data.pm
2011-02-08 18:00:12: Notice  : Building file URI/file.pm
2011-02-08 18:00:12: Notice  : Building file URI/file/Base.pm
2011-02-08 18:00:12: Notice  : Building file URI/file/FAT.pm
2011-02-08 18:00:13: Notice  : Building file URI/file/Mac.pm
2011-02-08 18:00:13: Notice  : Building file URI/file/OS2.pm
2011-02-08 18:00:13: Notice  : Building file URI/file/QNX.pm
2011-02-08 18:00:13: Notice  : Building file URI/file/Unix.pm
2011-02-08 18:00:13: Notice  : Building file URI/file/Win32.pm
2011-02-08 18:00:13: Notice  : Building file URI/ftp.pm
2011-02-08 18:00:13: Notice  : Building file URI/gopher.pm
2011-02-08 18:00:13: Notice  : Building file URI/https.pm
2011-02-08 18:00:13: Notice  : Building file URI/ldap.pm
2011-02-08 18:00:13: Notice  : Building file URI/ldapi.pm
2011-02-08 18:00:13: Notice  : Building file URI/ldaps.pm
2011-02-08 18:00:13: Notice  : Building file URI/mailto.pm
2011-02-08 18:00:13: Notice  : Building file URI/mms.pm
2011-02-08 18:00:13: Notice  : Building file URI/news.pm
2011-02-08 18:00:13: Notice  : Building file URI/nntp.pm
2011-02-08 18:00:13: Notice  : Building file URI/pop.pm
2011-02-08 18:00:13: Notice  : Building file URI/rlogin.pm
2011-02-08 18:00:13: Notice  : Building file URI/rsync.pm
2011-02-08 18:00:13: Notice  : Building file URI/rtsp.pm
2011-02-08 18:00:13: Notice  : Building file URI/rtspu.pm
2011-02-08 18:00:13: Notice  : Building file URI/sip.pm
2011-02-08 18:00:13: Notice  : Building file URI/sips.pm
2011-02-08 18:00:13: Notice  : Building file URI/snews.pm
2011-02-08 18:00:13: Notice  : Building file URI/ssh.pm
2011-02-08 18:00:13: Notice  : Building file URI/telnet.pm
2011-02-08 18:00:13: Notice  : Building file URI/tn3270.pm
2011-02-08 18:00:13: Notice  : Building file URI/urn.pm
2011-02-08 18:00:13: Notice  : Building file URI/urn/isbn.pm
2011-02-08 18:00:13: Notice  : Building file URI/urn/oid.pm
2011-02-08 18:00:13: Notice  : Building file Win32/Locale.pm
2011-02-08 18:00:13: Notice  : Building file Win32/TieRegistry.pm
2011-02-08 18:00:13: Notice  : Building file IO/Handle.pm
2011-02-08 18:00:13: Notice  : Building file XML/NamespaceSupport.pm
2011-02-08 18:00:13: Notice  : Building file XML/Parser.pm
2011-02-08 18:00:13: Notice  : Building file XML/SAX.pm
2011-02-08 18:00:13: Notice  : Building file XML/SAX/ParserFactory.pm
2011-02-08 18:00:13: Notice  : Building file Unicode/Collate.pm
2011-02-08 18:00:13: Notice  : Building file Unicode/Collate/CJK/Big5.pm
2011-02-08 18:00:13: Notice  : Building file Unicode/Collate/CJK/GB2312.pm
2011-02-08 18:00:13: Notice  : Building file Unicode/Collate/CJK/JISX0208.pm
2011-02-08 18:00:13: Notice  : Building file Unicode/Collate/CJK/Pinyin.pm
2011-02-08 18:00:13: Notice  : Building file Unicode/Collate/CJK/Stroke.pm
2011-02-08 18:00:13: Notice  : Building file Unicode/Collate/Locale.pm
2011-02-08 18:00:13: Notice  : Building file Unicode/Normalize.pm
2011-02-08 18:00:13: Notice  : Building file Unicode/UCD.pm
2011-02-08 18:00:13: Notice  : Building file integer.pm
2011-02-08 18:00:13: Notice  : Building file Unicode/Collate/Locale/af.pl
2011-02-08 18:00:13: Notice  : Building file Unicode/Collate/Locale/ar.pl
2011-02-08 18:00:13: Notice  : Building file Unicode/Collate/Locale/az.pl
2011-02-08 18:00:13: Notice  : Building file Unicode/Collate/Locale/ca.pl
2011-02-08 18:00:13: Notice  : Building file Unicode/Collate/Locale/cs.pl
2011-02-08 18:00:13: Notice  : Building file Unicode/Collate/Locale/cy.pl
2011-02-08 18:00:13: Notice  : Building file Unicode/Collate/Locale/da.pl
2011-02-08 18:00:13: Notice  : Building file Unicode/Collate/Locale/de_phone.pl
2011-02-08 18:00:13: Notice  : Building file Unicode/Collate/Locale/eo.pl
2011-02-08 18:00:13: Notice  : Building file Unicode/Collate/Locale/es.pl
2011-02-08 18:00:13: Notice  : Building file Unicode/Collate/Locale/es_trad.pl
2011-02-08 18:00:14: Notice  : Building file Unicode/Collate/Locale/et.pl
2011-02-08 18:00:14: Notice  : Building file Unicode/Collate/Locale/fi.pl
2011-02-08 18:00:14: Notice  : Building file Unicode/Collate/Locale/fil.pl
2011-02-08 18:00:14: Notice  : Building file Unicode/Collate/Locale/fo.pl
2011-02-08 18:00:14: Notice  : Building file Unicode/Collate/Locale/fr.pl
2011-02-08 18:00:14: Notice  : Building file Unicode/Collate/Locale/ha.pl
2011-02-08 18:00:14: Notice  : Building file Unicode/Collate/Locale/haw.pl
2011-02-08 18:00:14: Notice  : Building file Unicode/Collate/Locale/hr.pl
2011-02-08 18:00:14: Notice  : Building file Unicode/Collate/Locale/hu.pl
2011-02-08 18:00:14: Notice  : Building file Unicode/Collate/Locale/hy.pl
2011-02-08 18:00:14: Notice  : Building file Unicode/Collate/Locale/ig.pl
2011-02-08 18:00:14: Notice  : Building file Unicode/Collate/Locale/is.pl
2011-02-08 18:00:14: Notice  : Building file Unicode/Collate/Locale/ja.pl
2011-02-08 18:00:14: Notice  : Building file Unicode/Collate/Locale/kk.pl
2011-02-08 18:00:14: Notice  : Building file Unicode/Collate/Locale/kl.pl
2011-02-08 18:00:14: Notice  : Building file Unicode/Collate/Locale/lt.pl
2011-02-08 18:00:14: Notice  : Building file Unicode/Collate/Locale/lv.pl
2011-02-08 18:00:14: Notice  : Building file Unicode/Collate/Locale/mt.pl
2011-02-08 18:00:14: Notice  : Building file Unicode/Collate/Locale/nb.pl
2011-02-08 18:00:14: Notice  : Building file Unicode/Collate/Locale/nn.pl
2011-02-08 18:00:14: Notice  : Building file Unicode/Collate/Locale/nso.pl
2011-02-08 18:00:14: Notice  : Building file Unicode/Collate/Locale/om.pl
2011-02-08 18:00:14: Notice  : Building file Unicode/Collate/Locale/pl.pl
2011-02-08 18:00:14: Notice  : Building file Unicode/Collate/Locale/ro.pl
2011-02-08 18:00:14: Notice  : Building file Unicode/Collate/Locale/ru.pl
2011-02-08 18:00:14: Notice  : Building file Unicode/Collate/Locale/se.pl
2011-02-08 18:00:14: Notice  : Building file Unicode/Collate/Locale/sk.pl
2011-02-08 18:00:14: Notice  : Building file Unicode/Collate/Locale/sl.pl
2011-02-08 18:00:14: Notice  : Building file Unicode/Collate/Locale/sq.pl
2011-02-08 18:00:14: Notice  : Building file Unicode/Collate/Locale/sv.pl
2011-02-08 18:00:14: Notice  : Building file Unicode/Collate/Locale/sw.pl
2011-02-08 18:00:14: Notice  : Building file Unicode/Collate/Locale/tn.pl
2011-02-08 18:00:14: Notice  : Building file Unicode/Collate/Locale/to.pl
2011-02-08 18:00:14: Notice  : Building file Unicode/Collate/Locale/tr.pl
2011-02-08 18:00:14: Notice  : Building file Unicode/Collate/Locale/uk.pl
2011-02-08 18:00:14: Notice  : Building file Unicode/Collate/Locale/vi.pl
2011-02-08 18:00:14: Notice  : Building file Unicode/Collate/Locale/wo.pl
2011-02-08 18:00:14: Notice  : Building file Unicode/Collate/Locale/yo.pl
2011-02-08 18:00:14: Notice  : Building file Unicode/Collate/Locale/zh.pl
2011-02-08 18:00:14: Notice  : Building file Unicode/Collate/Locale/zh_big5.pl
2011-02-08 18:00:14: Notice  : Building file Unicode/Collate/Locale/zh_gb.pl
2011-02-08 18:00:14: Notice  : Building file Unicode/Collate/Locale/zh_pin.pl
2011-02-08 18:00:14: Notice  : Building file Unicode/Collate/Locale/zh_strk.pl
2011-02-08 18:00:14: Notice  : Building file unicore/Canonical.pl
2011-02-08 18:00:14: Notice  : Building file unicore/CombiningClass.pl
2011-02-08 18:00:14: Notice  : Building file unicore/Decomposition.pl
2011-02-08 18:00:14: Notice  : Building file unicore/Exact.pl
2011-02-08 18:00:14: Notice  : Building file unicore/Name.pl
2011-02-08 18:00:15: Notice  : Building file unicore/PVA.pl
2011-02-08 18:00:15: Notice  : Building file unicore/To/Digit.pl
2011-02-08 18:00:15: Notice  : Building file unicore/To/Fold.pl
2011-02-08 18:00:15: Notice  : Building file unicore/To/Lower.pl
2011-02-08 18:00:15: Notice  : Building file unicore/To/Title.pl
2011-02-08 18:00:15: Notice  : Building file unicore/To/Upper.pl
2011-02-08 18:00:15: Notice  : Building file unicore/lib/bc/AL.pl
2011-02-08 18:00:15: Notice  : Building file unicore/lib/bc/AN.pl
2011-02-08 18:00:15: Notice  : Building file unicore/lib/bc/B.pl
2011-02-08 18:00:15: Notice  : Building file unicore/lib/bc/BN.pl
2011-02-08 18:00:15: Notice  : Building file unicore/lib/bc/CS.pl
2011-02-08 18:00:15: Notice  : Building file unicore/lib/bc/EN.pl
2011-02-08 18:00:15: Notice  : Building file unicore/lib/bc/ES.pl
2011-02-08 18:00:15: Notice  : Building file unicore/lib/bc/ET.pl
2011-02-08 18:00:15: Notice  : Building file unicore/lib/bc/L.pl
2011-02-08 18:00:15: Notice  : Building file unicore/lib/bc/LRE.pl
2011-02-08 18:00:15: Notice  : Building file unicore/lib/bc/LRO.pl
2011-02-08 18:00:15: Notice  : Building file unicore/lib/bc/NSM.pl
2011-02-08 18:00:15: Notice  : Building file unicore/lib/bc/ON.pl
2011-02-08 18:00:15: Notice  : Building file unicore/lib/bc/PDF.pl
2011-02-08 18:00:15: Notice  : Building file unicore/lib/bc/R.pl
2011-02-08 18:00:15: Notice  : Building file unicore/lib/bc/RLE.pl
2011-02-08 18:00:15: Notice  : Building file unicore/lib/bc/RLO.pl
2011-02-08 18:00:15: Notice  : Building file unicore/lib/bc/S.pl
2011-02-08 18:00:15: Notice  : Building file unicore/lib/bc/WS.pl
2011-02-08 18:00:15: Notice  : Building file unicore/lib/ccc/A.pl
2011-02-08 18:00:15: Notice  : Building file unicore/lib/ccc/AL.pl
2011-02-08 18:00:15: Notice  : Building file unicore/lib/ccc/AR.pl
2011-02-08 18:00:15: Notice  : Building file unicore/lib/ccc/ATAR.pl
2011-02-08 18:00:15: Notice  : Building file unicore/lib/ccc/ATB.pl
2011-02-08 18:00:15: Notice  : Building file unicore/lib/ccc/ATBL.pl
2011-02-08 18:00:15: Notice  : Building file unicore/lib/ccc/B.pl
2011-02-08 18:00:15: Notice  : Building file unicore/lib/ccc/BL.pl
2011-02-08 18:00:15: Notice  : Building file unicore/lib/ccc/BR.pl
2011-02-08 18:00:15: Notice  : Building file unicore/lib/ccc/DA.pl
2011-02-08 18:00:15: Notice  : Building file unicore/lib/ccc/DB.pl
2011-02-08 18:00:15: Notice  : Building file unicore/lib/ccc/IS.pl
2011-02-08 18:00:15: Notice  : Building file unicore/lib/ccc/KV.pl
2011-02-08 18:00:15: Notice  : Building file unicore/lib/ccc/L.pl
2011-02-08 18:00:15: Notice  : Building file unicore/lib/ccc/NK.pl
2011-02-08 18:00:15: Notice  : Building file unicore/lib/ccc/NR.pl
2011-02-08 18:00:15: Notice  : Building file unicore/lib/ccc/OV.pl
2011-02-08 18:00:15: Notice  : Building file unicore/lib/ccc/R.pl
2011-02-08 18:00:15: Notice  : Building file unicore/lib/ccc/VR.pl
2011-02-08 18:00:15: Notice  : Building file unicore/lib/dt/Can.pl
2011-02-08 18:00:15: Notice  : Building file unicore/lib/dt/Com.pl
2011-02-08 18:00:15: Notice  : Building file unicore/lib/dt/Enc.pl
2011-02-08 18:00:15: Notice  : Building file unicore/lib/dt/Fin.pl
2011-02-08 18:00:15: Notice  : Building file unicore/lib/dt/Font.pl
2011-02-08 18:00:15: Notice  : Building file unicore/lib/dt/Fra.pl
2011-02-08 18:00:15: Notice  : Building file unicore/lib/dt/Init.pl
2011-02-08 18:00:15: Notice  : Building file unicore/lib/dt/Iso.pl
2011-02-08 18:00:15: Notice  : Building file unicore/lib/dt/Med.pl
2011-02-08 18:00:15: Notice  : Building file unicore/lib/dt/Nar.pl
2011-02-08 18:00:15: Notice  : Building file unicore/lib/dt/Nb.pl
2011-02-08 18:00:15: Notice  : Building file unicore/lib/dt/Sml.pl
2011-02-08 18:00:15: Notice  : Building file unicore/lib/dt/Sqr.pl
2011-02-08 18:00:15: Notice  : Building file unicore/lib/dt/Sub.pl
2011-02-08 18:00:16: Notice  : Building file unicore/lib/dt/Sup.pl
2011-02-08 18:00:16: Notice  : Building file unicore/lib/dt/Vert.pl
2011-02-08 18:00:16: Notice  : Building file unicore/lib/dt/Wide.pl
2011-02-08 18:00:16: Notice  : Building file unicore/lib/ea/A.pl
2011-02-08 18:00:16: Notice  : Building file unicore/lib/ea/F.pl
2011-02-08 18:00:16: Notice  : Building file unicore/lib/ea/H.pl
2011-02-08 18:00:16: Notice  : Building file unicore/lib/ea/N.pl
2011-02-08 18:00:16: Notice  : Building file unicore/lib/ea/Na.pl
2011-02-08 18:00:16: Notice  : Building file unicore/lib/ea/W.pl
2011-02-08 18:00:16: Notice  : Building file unicore/lib/gc_sc/AHex.pl
2011-02-08 18:00:16: Notice  : Building file unicore/lib/gc_sc/ASCII.pl
2011-02-08 18:00:16: Notice  : Building file unicore/lib/gc_sc/Alnum.pl
2011-02-08 18:00:16: Notice  : Building file unicore/lib/gc_sc/Alpha.pl
2011-02-08 18:00:16: Notice  : Building file unicore/lib/gc_sc/Alphabet.pl
2011-02-08 18:00:16: Notice  : Building file unicore/lib/gc_sc/Any.pl
2011-02-08 18:00:16: Notice  : Building file unicore/lib/gc_sc/Arab.pl
2011-02-08 18:00:16: Notice  : Building file unicore/lib/gc_sc/Armn.pl
2011-02-08 18:00:16: Notice  : Building file unicore/lib/gc_sc/AsciiHex.pl
2011-02-08 18:00:16: Notice  : Building file unicore/lib/gc_sc/Assigned.pl
2011-02-08 18:00:16: Notice  : Building file unicore/lib/gc_sc/Bali.pl
2011-02-08 18:00:16: Notice  : Building file unicore/lib/gc_sc/Beng.pl
2011-02-08 18:00:16: Notice  : Building file unicore/lib/gc_sc/BidiC.pl
2011-02-08 18:00:16: Notice  : Building file unicore/lib/gc_sc/BidiCont.pl
2011-02-08 18:00:16: Notice  : Building file unicore/lib/gc_sc/Blank.pl
2011-02-08 18:00:16: Notice  : Building file unicore/lib/gc_sc/Bopo.pl
2011-02-08 18:00:16: Notice  : Building file unicore/lib/gc_sc/Brai.pl
2011-02-08 18:00:16: Notice  : Building file unicore/lib/gc_sc/Bugi.pl
2011-02-08 18:00:16: Notice  : Building file unicore/lib/gc_sc/Buhd.pl
2011-02-08 18:00:16: Notice  : Building file unicore/lib/gc_sc/C.pl
2011-02-08 18:00:16: Notice  : Building file unicore/lib/gc_sc/Canadian.pl
2011-02-08 18:00:16: Notice  : Building file unicore/lib/gc_sc/Cari.pl
2011-02-08 18:00:16: Notice  : Building file unicore/lib/gc_sc/Cc.pl
2011-02-08 18:00:16: Notice  : Building file unicore/lib/gc_sc/Cf.pl
2011-02-08 18:00:16: Notice  : Building file unicore/lib/gc_sc/Cham.pl
2011-02-08 18:00:16: Notice  : Building file unicore/lib/gc_sc/Cher.pl
2011-02-08 18:00:16: Notice  : Building file unicore/lib/gc_sc/Cn.pl
2011-02-08 18:00:16: Notice  : Building file unicore/lib/gc_sc/Cntrl.pl
2011-02-08 18:00:16: Notice  : Building file unicore/lib/gc_sc/Co.pl
2011-02-08 18:00:16: Notice  : Building file unicore/lib/gc_sc/Copt.pl
2011-02-08 18:00:16: Notice  : Building file unicore/lib/gc_sc/Cprt.pl
2011-02-08 18:00:16: Notice  : Building file unicore/lib/gc_sc/Cs.pl
2011-02-08 18:00:16: Notice  : Building file unicore/lib/gc_sc/Cyrl.pl
2011-02-08 18:00:16: Notice  : Building file unicore/lib/gc_sc/Dash.pl
2011-02-08 18:00:16: Notice  : Building file unicore/lib/gc_sc/Dash2.pl
2011-02-08 18:00:16: Notice  : Building file unicore/lib/gc_sc/DefaultI.pl
2011-02-08 18:00:16: Notice  : Building file unicore/lib/gc_sc/Dep.pl
2011-02-08 18:00:16: Notice  : Building file unicore/lib/gc_sc/Deprecat.pl
2011-02-08 18:00:16: Notice  : Building file unicore/lib/gc_sc/Deva.pl
2011-02-08 18:00:16: Notice  : Building file unicore/lib/gc_sc/Dia.pl
2011-02-08 18:00:16: Notice  : Building file unicore/lib/gc_sc/Diacriti.pl
2011-02-08 18:00:16: Notice  : Building file unicore/lib/gc_sc/Digit.pl
2011-02-08 18:00:16: Notice  : Building file unicore/lib/gc_sc/Dsrt.pl
2011-02-08 18:00:16: Notice  : Building file unicore/lib/gc_sc/Ethi.pl
2011-02-08 18:00:16: Notice  : Building file unicore/lib/gc_sc/Ext.pl
2011-02-08 18:00:16: Notice  : Building file unicore/lib/gc_sc/Extender.pl
2011-02-08 18:00:16: Notice  : Building file unicore/lib/gc_sc/Geor.pl
2011-02-08 18:00:16: Notice  : Building file unicore/lib/gc_sc/Glag.pl
2011-02-08 18:00:16: Notice  : Building file unicore/lib/gc_sc/Goth.pl
2011-02-08 18:00:16: Notice  : Building file unicore/lib/gc_sc/Graph.pl
2011-02-08 18:00:16: Notice  : Building file unicore/lib/gc_sc/Grek.pl
2011-02-08 18:00:16: Notice  : Building file unicore/lib/gc_sc/Gujr.pl
2011-02-08 18:00:16: Notice  : Building file unicore/lib/gc_sc/Guru.pl
2011-02-08 18:00:16: Notice  : Building file unicore/lib/gc_sc/Hang.pl
2011-02-08 18:00:16: Notice  : Building file unicore/lib/gc_sc/Hani.pl
2011-02-08 18:00:16: Notice  : Building file unicore/lib/gc_sc/Hano.pl
2011-02-08 18:00:16: Notice  : Building file unicore/lib/gc_sc/Hebr.pl
2011-02-08 18:00:16: Notice  : Building file unicore/lib/gc_sc/Hex.pl
2011-02-08 18:00:16: Notice  : Building file unicore/lib/gc_sc/HexDigit.pl
2011-02-08 18:00:16: Notice  : Building file unicore/lib/gc_sc/Hira.pl
2011-02-08 18:00:16: Notice  : Building file unicore/lib/gc_sc/HorizSpa.pl
2011-02-08 18:00:16: Notice  : Building file unicore/lib/gc_sc/Hyphen.pl
2011-02-08 18:00:16: Notice  : Building file unicore/lib/gc_sc/Hyphen2.pl
2011-02-08 18:00:16: Notice  : Building file unicore/lib/gc_sc/IDSB.pl
2011-02-08 18:00:17: Notice  : Building file unicore/lib/gc_sc/IDST.pl
2011-02-08 18:00:17: Notice  : Building file unicore/lib/gc_sc/IdContin.pl
2011-02-08 18:00:17: Notice  : Building file unicore/lib/gc_sc/IdStart.pl
2011-02-08 18:00:17: Notice  : Building file unicore/lib/gc_sc/Ideo.pl
2011-02-08 18:00:17: Notice  : Building file unicore/lib/gc_sc/Ideograp.pl
2011-02-08 18:00:17: Notice  : Building file unicore/lib/gc_sc/IdsBinar.pl
2011-02-08 18:00:17: Notice  : Building file unicore/lib/gc_sc/IdsTrina.pl
2011-02-08 18:00:17: Notice  : Building file unicore/lib/gc_sc/InAegean.pl
2011-02-08 18:00:17: Notice  : Building file unicore/lib/gc_sc/InAlphab.pl
2011-02-08 18:00:17: Notice  : Building file unicore/lib/gc_sc/InAncie2.pl
2011-02-08 18:00:17: Notice  : Building file unicore/lib/gc_sc/InAncie3.pl
2011-02-08 18:00:17: Notice  : Building file unicore/lib/gc_sc/InAncien.pl
2011-02-08 18:00:17: Notice  : Building file unicore/lib/gc_sc/InArabi2.pl
2011-02-08 18:00:17: Notice  : Building file unicore/lib/gc_sc/InArabi3.pl
2011-02-08 18:00:17: Notice  : Building file unicore/lib/gc_sc/InArabi4.pl
2011-02-08 18:00:17: Notice  : Building file unicore/lib/gc_sc/InArabic.pl
2011-02-08 18:00:17: Notice  : Building file unicore/lib/gc_sc/InArmeni.pl
2011-02-08 18:00:17: Notice  : Building file unicore/lib/gc_sc/InArrows.pl
2011-02-08 18:00:17: Notice  : Building file unicore/lib/gc_sc/InBaline.pl
2011-02-08 18:00:17: Notice  : Building file unicore/lib/gc_sc/InBasicL.pl
2011-02-08 18:00:17: Notice  : Building file unicore/lib/gc_sc/InBengal.pl
2011-02-08 18:00:17: Notice  : Building file unicore/lib/gc_sc/InBlockE.pl
2011-02-08 18:00:17: Notice  : Building file unicore/lib/gc_sc/InBopom2.pl
2011-02-08 18:00:17: Notice  : Building file unicore/lib/gc_sc/InBopomo.pl
2011-02-08 18:00:17: Notice  : Building file unicore/lib/gc_sc/InBoxDra.pl
2011-02-08 18:00:17: Notice  : Building file unicore/lib/gc_sc/InBraill.pl
2011-02-08 18:00:17: Notice  : Building file unicore/lib/gc_sc/InBugine.pl
2011-02-08 18:00:17: Notice  : Building file unicore/lib/gc_sc/InBuhid.pl
2011-02-08 18:00:17: Notice  : Building file unicore/lib/gc_sc/InByzant.pl
2011-02-08 18:00:17: Notice  : Building file unicore/lib/gc_sc/InCarian.pl
2011-02-08 18:00:17: Notice  : Building file unicore/lib/gc_sc/InCham.pl
2011-02-08 18:00:17: Notice  : Building file unicore/lib/gc_sc/InCherok.pl
2011-02-08 18:00:17: Notice  : Building file unicore/lib/gc_sc/InCjkCo2.pl
2011-02-08 18:00:17: Notice  : Building file unicore/lib/gc_sc/InCjkCo3.pl
2011-02-08 18:00:17: Notice  : Building file unicore/lib/gc_sc/InCjkCo4.pl
2011-02-08 18:00:17: Notice  : Building file unicore/lib/gc_sc/InCjkCom.pl
2011-02-08 18:00:17: Notice  : Building file unicore/lib/gc_sc/InCjkRad.pl
2011-02-08 18:00:17: Notice  : Building file unicore/lib/gc_sc/InCjkStr.pl
2011-02-08 18:00:17: Notice  : Building file unicore/lib/gc_sc/InCjkSym.pl
2011-02-08 18:00:17: Notice  : Building file unicore/lib/gc_sc/InCjkUn2.pl
2011-02-08 18:00:17: Notice  : Building file unicore/lib/gc_sc/InCjkUn3.pl
2011-02-08 18:00:17: Notice  : Building file unicore/lib/gc_sc/InCjkUni.pl
2011-02-08 18:00:17: Notice  : Building file unicore/lib/gc_sc/InCombi2.pl
2011-02-08 18:00:17: Notice  : Building file unicore/lib/gc_sc/InCombi3.pl
2011-02-08 18:00:17: Notice  : Building file unicore/lib/gc_sc/InCombi4.pl
2011-02-08 18:00:17: Notice  : Building file unicore/lib/gc_sc/InCombin.pl
2011-02-08 18:00:17: Notice  : Building file unicore/lib/gc_sc/InContro.pl
2011-02-08 18:00:17: Notice  : Building file unicore/lib/gc_sc/InCoptic.pl
2011-02-08 18:00:17: Notice  : Building file unicore/lib/gc_sc/InCounti.pl
2011-02-08 18:00:17: Notice  : Building file unicore/lib/gc_sc/InCunei2.pl
2011-02-08 18:00:17: Notice  : Building file unicore/lib/gc_sc/InCuneif.pl
2011-02-08 18:00:17: Notice  : Building file unicore/lib/gc_sc/InCurren.pl
2011-02-08 18:00:17: Notice  : Building file unicore/lib/gc_sc/InCyprio.pl
2011-02-08 18:00:17: Notice  : Building file unicore/lib/gc_sc/InCyril2.pl
2011-02-08 18:00:17: Notice  : Building file unicore/lib/gc_sc/InCyril3.pl
2011-02-08 18:00:17: Notice  : Building file unicore/lib/gc_sc/InCyril4.pl
2011-02-08 18:00:17: Notice  : Building file unicore/lib/gc_sc/InCyrill.pl
2011-02-08 18:00:17: Notice  : Building file unicore/lib/gc_sc/InDesere.pl
2011-02-08 18:00:17: Notice  : Building file unicore/lib/gc_sc/InDevana.pl
2011-02-08 18:00:17: Notice  : Building file unicore/lib/gc_sc/InDingba.pl
2011-02-08 18:00:17: Notice  : Building file unicore/lib/gc_sc/InDomino.pl
2011-02-08 18:00:17: Notice  : Building file unicore/lib/gc_sc/InEnclo2.pl
2011-02-08 18:00:17: Notice  : Building file unicore/lib/gc_sc/InEnclos.pl
2011-02-08 18:00:17: Notice  : Building file unicore/lib/gc_sc/InEthio2.pl
2011-02-08 18:00:17: Notice  : Building file unicore/lib/gc_sc/InEthio3.pl
2011-02-08 18:00:17: Notice  : Building file unicore/lib/gc_sc/InEthiop.pl
2011-02-08 18:00:17: Notice  : Building file unicore/lib/gc_sc/InGenera.pl
2011-02-08 18:00:17: Notice  : Building file unicore/lib/gc_sc/InGeomet.pl
2011-02-08 18:00:17: Notice  : Building file unicore/lib/gc_sc/InGeorg2.pl
2011-02-08 18:00:17: Notice  : Building file unicore/lib/gc_sc/InGeorgi.pl
2011-02-08 18:00:17: Notice  : Building file unicore/lib/gc_sc/InGlagol.pl
2011-02-08 18:00:17: Notice  : Building file unicore/lib/gc_sc/InGothic.pl
2011-02-08 18:00:17: Notice  : Building file unicore/lib/gc_sc/InGreekA.pl
2011-02-08 18:00:17: Notice  : Building file unicore/lib/gc_sc/InGreekE.pl
2011-02-08 18:00:17: Notice  : Building file unicore/lib/gc_sc/InGujara.pl
2011-02-08 18:00:17: Notice  : Building file unicore/lib/gc_sc/InGurmuk.pl
2011-02-08 18:00:17: Notice  : Building file unicore/lib/gc_sc/InHalfwi.pl
2011-02-08 18:00:17: Notice  : Building file unicore/lib/gc_sc/InHangu2.pl
2011-02-08 18:00:17: Notice  : Building file unicore/lib/gc_sc/InHangu3.pl
2011-02-08 18:00:17: Notice  : Building file unicore/lib/gc_sc/InHangul.pl
2011-02-08 18:00:17: Notice  : Building file unicore/lib/gc_sc/InHanuno.pl
2011-02-08 18:00:18: Notice  : Building file unicore/lib/gc_sc/InHebrew.pl
2011-02-08 18:00:18: Notice  : Building file unicore/lib/gc_sc/InHighPr.pl
2011-02-08 18:00:18: Notice  : Building file unicore/lib/gc_sc/InHighSu.pl
2011-02-08 18:00:18: Notice  : Building file unicore/lib/gc_sc/InHiraga.pl
2011-02-08 18:00:18: Notice  : Building file unicore/lib/gc_sc/InIdeogr.pl
2011-02-08 18:00:18: Notice  : Building file unicore/lib/gc_sc/InIpaExt.pl
2011-02-08 18:00:18: Notice  : Building file unicore/lib/gc_sc/InKanbun.pl
2011-02-08 18:00:18: Notice  : Building file unicore/lib/gc_sc/InKangxi.pl
2011-02-08 18:00:18: Notice  : Building file unicore/lib/gc_sc/InKannad.pl
2011-02-08 18:00:18: Notice  : Building file unicore/lib/gc_sc/InKatak2.pl
2011-02-08 18:00:18: Notice  : Building file unicore/lib/gc_sc/InKataka.pl
2011-02-08 18:00:18: Notice  : Building file unicore/lib/gc_sc/InKayahL.pl
2011-02-08 18:00:18: Notice  : Building file unicore/lib/gc_sc/InKharos.pl
2011-02-08 18:00:18: Notice  : Building file unicore/lib/gc_sc/InKhmer.pl
2011-02-08 18:00:18: Notice  : Building file unicore/lib/gc_sc/InKhmerS.pl
2011-02-08 18:00:18: Notice  : Building file unicore/lib/gc_sc/InLao.pl
2011-02-08 18:00:18: Notice  : Building file unicore/lib/gc_sc/InLatin1.pl
2011-02-08 18:00:18: Notice  : Building file unicore/lib/gc_sc/InLatin2.pl
2011-02-08 18:00:18: Notice  : Building file unicore/lib/gc_sc/InLatin3.pl
2011-02-08 18:00:18: Notice  : Building file unicore/lib/gc_sc/InLatin4.pl
2011-02-08 18:00:18: Notice  : Building file unicore/lib/gc_sc/InLatin5.pl
2011-02-08 18:00:18: Notice  : Building file unicore/lib/gc_sc/InLatinE.pl
2011-02-08 18:00:18: Notice  : Building file unicore/lib/gc_sc/InLepcha.pl
2011-02-08 18:00:18: Notice  : Building file unicore/lib/gc_sc/InLetter.pl
2011-02-08 18:00:18: Notice  : Building file unicore/lib/gc_sc/InLimbu.pl
2011-02-08 18:00:18: Notice  : Building file unicore/lib/gc_sc/InLinea2.pl
2011-02-08 18:00:18: Notice  : Building file unicore/lib/gc_sc/InLinear.pl
2011-02-08 18:00:18: Notice  : Building file unicore/lib/gc_sc/InLowSur.pl
2011-02-08 18:00:18: Notice  : Building file unicore/lib/gc_sc/InLycian.pl
2011-02-08 18:00:18: Notice  : Building file unicore/lib/gc_sc/InLydian.pl
2011-02-08 18:00:18: Notice  : Building file unicore/lib/gc_sc/InMahjon.pl
2011-02-08 18:00:18: Notice  : Building file unicore/lib/gc_sc/InMalaya.pl
2011-02-08 18:00:18: Notice  : Building file unicore/lib/gc_sc/InMathe2.pl
2011-02-08 18:00:18: Notice  : Building file unicore/lib/gc_sc/InMathem.pl
2011-02-08 18:00:18: Notice  : Building file unicore/lib/gc_sc/InMisce2.pl
2011-02-08 18:00:18: Notice  : Building file unicore/lib/gc_sc/InMisce3.pl
2011-02-08 18:00:18: Notice  : Building file unicore/lib/gc_sc/InMisce4.pl
2011-02-08 18:00:18: Notice  : Building file unicore/lib/gc_sc/InMisce5.pl
2011-02-08 18:00:18: Notice  : Building file unicore/lib/gc_sc/InMiscel.pl
2011-02-08 18:00:18: Notice  : Building file unicore/lib/gc_sc/InModifi.pl
2011-02-08 18:00:18: Notice  : Building file unicore/lib/gc_sc/InMongol.pl
2011-02-08 18:00:18: Notice  : Building file unicore/lib/gc_sc/InMusica.pl
2011-02-08 18:00:18: Notice  : Building file unicore/lib/gc_sc/InMyanma.pl
2011-02-08 18:00:18: Notice  : Building file unicore/lib/gc_sc/InNewTai.pl
2011-02-08 18:00:18: Notice  : Building file unicore/lib/gc_sc/InNko.pl
2011-02-08 18:00:18: Notice  : Building file unicore/lib/gc_sc/InNumber.pl
2011-02-08 18:00:18: Notice  : Building file unicore/lib/gc_sc/InOgham.pl
2011-02-08 18:00:18: Notice  : Building file unicore/lib/gc_sc/InOlChik.pl
2011-02-08 18:00:18: Notice  : Building file unicore/lib/gc_sc/InOldIta.pl
2011-02-08 18:00:18: Notice  : Building file unicore/lib/gc_sc/InOldPer.pl
2011-02-08 18:00:18: Notice  : Building file unicore/lib/gc_sc/InOptica.pl
2011-02-08 18:00:18: Notice  : Building file unicore/lib/gc_sc/InOriya.pl
2011-02-08 18:00:18: Notice  : Building file unicore/lib/gc_sc/InOsmany.pl
2011-02-08 18:00:18: Notice  : Building file unicore/lib/gc_sc/InPhagsP.pl
2011-02-08 18:00:18: Notice  : Building file unicore/lib/gc_sc/InPhaist.pl
2011-02-08 18:00:18: Notice  : Building file unicore/lib/gc_sc/InPhoeni.pl
2011-02-08 18:00:18: Notice  : Building file unicore/lib/gc_sc/InPhone2.pl
2011-02-08 18:00:18: Notice  : Building file unicore/lib/gc_sc/InPhonet.pl
2011-02-08 18:00:18: Notice  : Building file unicore/lib/gc_sc/InPrivat.pl
2011-02-08 18:00:18: Notice  : Building file unicore/lib/gc_sc/InRejang.pl
2011-02-08 18:00:18: Notice  : Building file unicore/lib/gc_sc/InRunic.pl
2011-02-08 18:00:18: Notice  : Building file unicore/lib/gc_sc/InSauras.pl
2011-02-08 18:00:18: Notice  : Building file unicore/lib/gc_sc/InShavia.pl
2011-02-08 18:00:18: Notice  : Building file unicore/lib/gc_sc/InSinhal.pl
2011-02-08 18:00:18: Notice  : Building file unicore/lib/gc_sc/InSmallF.pl
2011-02-08 18:00:18: Notice  : Building file unicore/lib/gc_sc/InSpacin.pl
2011-02-08 18:00:18: Notice  : Building file unicore/lib/gc_sc/InSpecia.pl
2011-02-08 18:00:18: Notice  : Building file unicore/lib/gc_sc/InSundan.pl
2011-02-08 18:00:18: Notice  : Building file unicore/lib/gc_sc/InSupers.pl
2011-02-08 18:00:18: Notice  : Building file unicore/lib/gc_sc/InSuppl2.pl
2011-02-08 18:00:18: Notice  : Building file unicore/lib/gc_sc/InSuppl3.pl
2011-02-08 18:00:18: Notice  : Building file unicore/lib/gc_sc/InSuppl4.pl
2011-02-08 18:00:18: Notice  : Building file unicore/lib/gc_sc/InSuppl5.pl
2011-02-08 18:00:18: Notice  : Building file unicore/lib/gc_sc/InSuppl6.pl
2011-02-08 18:00:18: Notice  : Building file unicore/lib/gc_sc/InSupple.pl
2011-02-08 18:00:18: Notice  : Building file unicore/lib/gc_sc/InSyloti.pl
2011-02-08 18:00:18: Notice  : Building file unicore/lib/gc_sc/InSyriac.pl
2011-02-08 18:00:18: Notice  : Building file unicore/lib/gc_sc/InTagalo.pl
2011-02-08 18:00:18: Notice  : Building file unicore/lib/gc_sc/InTagban.pl
2011-02-08 18:00:19: Notice  : Building file unicore/lib/gc_sc/InTags.pl
2011-02-08 18:00:19: Notice  : Building file unicore/lib/gc_sc/InTaiLe.pl
2011-02-08 18:00:19: Notice  : Building file unicore/lib/gc_sc/InTaiXua.pl
2011-02-08 18:00:19: Notice  : Building file unicore/lib/gc_sc/InTamil.pl
2011-02-08 18:00:19: Notice  : Building file unicore/lib/gc_sc/InTelugu.pl
2011-02-08 18:00:19: Notice  : Building file unicore/lib/gc_sc/InThaana.pl
2011-02-08 18:00:19: Notice  : Building file unicore/lib/gc_sc/InThai.pl
2011-02-08 18:00:19: Notice  : Building file unicore/lib/gc_sc/InTibeta.pl
2011-02-08 18:00:19: Notice  : Building file unicore/lib/gc_sc/InTifina.pl
2011-02-08 18:00:19: Notice  : Building file unicore/lib/gc_sc/InUgarit.pl
2011-02-08 18:00:19: Notice  : Building file unicore/lib/gc_sc/InUnifie.pl
2011-02-08 18:00:19: Notice  : Building file unicore/lib/gc_sc/InVai.pl
2011-02-08 18:00:19: Notice  : Building file unicore/lib/gc_sc/InVaria2.pl
2011-02-08 18:00:19: Notice  : Building file unicore/lib/gc_sc/InVariat.pl
2011-02-08 18:00:19: Notice  : Building file unicore/lib/gc_sc/InVertic.pl
2011-02-08 18:00:19: Notice  : Building file unicore/lib/gc_sc/InYiRadi.pl
2011-02-08 18:00:19: Notice  : Building file unicore/lib/gc_sc/InYiSyll.pl
2011-02-08 18:00:19: Notice  : Building file unicore/lib/gc_sc/InYijing.pl
2011-02-08 18:00:19: Notice  : Building file unicore/lib/gc_sc/JoinC.pl
2011-02-08 18:00:19: Notice  : Building file unicore/lib/gc_sc/JoinCont.pl
2011-02-08 18:00:19: Notice  : Building file unicore/lib/gc_sc/Kana.pl
2011-02-08 18:00:19: Notice  : Building file unicore/lib/gc_sc/KayahLi.pl
2011-02-08 18:00:19: Notice  : Building file unicore/lib/gc_sc/Khar.pl
2011-02-08 18:00:19: Notice  : Building file unicore/lib/gc_sc/Khmr.pl
2011-02-08 18:00:19: Notice  : Building file unicore/lib/gc_sc/Knda.pl
2011-02-08 18:00:19: Notice  : Building file unicore/lib/gc_sc/L.pl
2011-02-08 18:00:19: Notice  : Building file unicore/lib/gc_sc/LC.pl
2011-02-08 18:00:19: Notice  : Building file unicore/lib/gc_sc/LOE.pl
2011-02-08 18:00:19: Notice  : Building file unicore/lib/gc_sc/Laoo.pl
2011-02-08 18:00:19: Notice  : Building file unicore/lib/gc_sc/Latn.pl
2011-02-08 18:00:19: Notice  : Building file unicore/lib/gc_sc/Lepc.pl
2011-02-08 18:00:19: Notice  : Building file unicore/lib/gc_sc/Limb.pl
2011-02-08 18:00:19: Notice  : Building file unicore/lib/gc_sc/LinearB.pl
2011-02-08 18:00:19: Notice  : Building file unicore/lib/gc_sc/Ll.pl
2011-02-08 18:00:19: Notice  : Building file unicore/lib/gc_sc/Lm.pl
2011-02-08 18:00:19: Notice  : Building file unicore/lib/gc_sc/Lo.pl
2011-02-08 18:00:19: Notice  : Building file unicore/lib/gc_sc/LogicalO.pl
2011-02-08 18:00:19: Notice  : Building file unicore/lib/gc_sc/Lower.pl
2011-02-08 18:00:19: Notice  : Building file unicore/lib/gc_sc/Lowercas.pl
2011-02-08 18:00:19: Notice  : Building file unicore/lib/gc_sc/Lt.pl
2011-02-08 18:00:19: Notice  : Building file unicore/lib/gc_sc/Lu.pl
2011-02-08 18:00:19: Notice  : Building file unicore/lib/gc_sc/Lyci.pl
2011-02-08 18:00:19: Notice  : Building file unicore/lib/gc_sc/Lydi.pl
2011-02-08 18:00:19: Notice  : Building file unicore/lib/gc_sc/M.pl
2011-02-08 18:00:19: Notice  : Building file unicore/lib/gc_sc/Math.pl
2011-02-08 18:00:19: Notice  : Building file unicore/lib/gc_sc/Mc.pl
2011-02-08 18:00:19: Notice  : Building file unicore/lib/gc_sc/Me.pl
2011-02-08 18:00:19: Notice  : Building file unicore/lib/gc_sc/Mlym.pl
2011-02-08 18:00:19: Notice  : Building file unicore/lib/gc_sc/Mn.pl
2011-02-08 18:00:19: Notice  : Building file unicore/lib/gc_sc/Mong.pl
2011-02-08 18:00:19: Notice  : Building file unicore/lib/gc_sc/Mymr.pl
2011-02-08 18:00:19: Notice  : Building file unicore/lib/gc_sc/N.pl
2011-02-08 18:00:19: Notice  : Building file unicore/lib/gc_sc/NChar.pl
2011-02-08 18:00:19: Notice  : Building file unicore/lib/gc_sc/Nd.pl
2011-02-08 18:00:19: Notice  : Building file unicore/lib/gc_sc/NewTaiLu.pl
2011-02-08 18:00:19: Notice  : Building file unicore/lib/gc_sc/Nkoo.pl
2011-02-08 18:00:19: Notice  : Building file unicore/lib/gc_sc/Nl.pl
2011-02-08 18:00:19: Notice  : Building file unicore/lib/gc_sc/No.pl
2011-02-08 18:00:19: Notice  : Building file unicore/lib/gc_sc/Nonchara.pl
2011-02-08 18:00:19: Notice  : Building file unicore/lib/gc_sc/OAlpha.pl
2011-02-08 18:00:19: Notice  : Building file unicore/lib/gc_sc/ODI.pl
2011-02-08 18:00:19: Notice  : Building file unicore/lib/gc_sc/OGrExt.pl
2011-02-08 18:00:19: Notice  : Building file unicore/lib/gc_sc/OIDC.pl
2011-02-08 18:00:19: Notice  : Building file unicore/lib/gc_sc/OIDS.pl
2011-02-08 18:00:19: Notice  : Building file unicore/lib/gc_sc/OLower.pl
2011-02-08 18:00:19: Notice  : Building file unicore/lib/gc_sc/OMath.pl
2011-02-08 18:00:19: Notice  : Building file unicore/lib/gc_sc/OUpper.pl
2011-02-08 18:00:19: Notice  : Building file unicore/lib/gc_sc/Ogam.pl
2011-02-08 18:00:19: Notice  : Building file unicore/lib/gc_sc/OlChiki.pl
2011-02-08 18:00:19: Notice  : Building file unicore/lib/gc_sc/OldItali.pl
2011-02-08 18:00:19: Notice  : Building file unicore/lib/gc_sc/OldPersi.pl
2011-02-08 18:00:19: Notice  : Building file unicore/lib/gc_sc/Orya.pl
2011-02-08 18:00:19: Notice  : Building file unicore/lib/gc_sc/Osma.pl
2011-02-08 18:00:19: Notice  : Building file unicore/lib/gc_sc/OtherAlp.pl
2011-02-08 18:00:19: Notice  : Building file unicore/lib/gc_sc/OtherDef.pl
2011-02-08 18:00:19: Notice  : Building file unicore/lib/gc_sc/OtherGra.pl
2011-02-08 18:00:19: Notice  : Building file unicore/lib/gc_sc/OtherIdC.pl
2011-02-08 18:00:19: Notice  : Building file unicore/lib/gc_sc/OtherIdS.pl
2011-02-08 18:00:20: Notice  : Building file unicore/lib/gc_sc/OtherLow.pl
2011-02-08 18:00:20: Notice  : Building file unicore/lib/gc_sc/OtherMat.pl
2011-02-08 18:00:20: Notice  : Building file unicore/lib/gc_sc/OtherUpp.pl
2011-02-08 18:00:20: Notice  : Building file unicore/lib/gc_sc/P.pl
2011-02-08 18:00:20: Notice  : Building file unicore/lib/gc_sc/PatSyn.pl
2011-02-08 18:00:20: Notice  : Building file unicore/lib/gc_sc/PatWS.pl
2011-02-08 18:00:20: Notice  : Building file unicore/lib/gc_sc/PatternS.pl
2011-02-08 18:00:20: Notice  : Building file unicore/lib/gc_sc/PatternW.pl
2011-02-08 18:00:20: Notice  : Building file unicore/lib/gc_sc/Pc.pl
2011-02-08 18:00:20: Notice  : Building file unicore/lib/gc_sc/Pd.pl
2011-02-08 18:00:20: Notice  : Building file unicore/lib/gc_sc/Pe.pl
2011-02-08 18:00:20: Notice  : Building file unicore/lib/gc_sc/PerlSpac.pl
2011-02-08 18:00:20: Notice  : Building file unicore/lib/gc_sc/PerlWord.pl
2011-02-08 18:00:20: Notice  : Building file unicore/lib/gc_sc/Pf.pl
2011-02-08 18:00:20: Notice  : Building file unicore/lib/gc_sc/PhagsPa.pl
2011-02-08 18:00:20: Notice  : Building file unicore/lib/gc_sc/Phnx.pl
2011-02-08 18:00:20: Notice  : Building file unicore/lib/gc_sc/Pi.pl
2011-02-08 18:00:20: Notice  : Building file unicore/lib/gc_sc/Po.pl
2011-02-08 18:00:20: Notice  : Building file unicore/lib/gc_sc/PosixAln.pl
2011-02-08 18:00:20: Notice  : Building file unicore/lib/gc_sc/PosixAlp.pl
2011-02-08 18:00:20: Notice  : Building file unicore/lib/gc_sc/PosixBla.pl
2011-02-08 18:00:20: Notice  : Building file unicore/lib/gc_sc/PosixCnt.pl
2011-02-08 18:00:20: Notice  : Building file unicore/lib/gc_sc/PosixDig.pl
2011-02-08 18:00:20: Notice  : Building file unicore/lib/gc_sc/PosixGra.pl
2011-02-08 18:00:20: Notice  : Building file unicore/lib/gc_sc/PosixLow.pl
2011-02-08 18:00:20: Notice  : Building file unicore/lib/gc_sc/PosixPri.pl
2011-02-08 18:00:20: Notice  : Building file unicore/lib/gc_sc/PosixPun.pl
2011-02-08 18:00:20: Notice  : Building file unicore/lib/gc_sc/PosixSpa.pl
2011-02-08 18:00:20: Notice  : Building file unicore/lib/gc_sc/PosixUpp.pl
2011-02-08 18:00:20: Notice  : Building file unicore/lib/gc_sc/Print.pl
2011-02-08 18:00:20: Notice  : Building file unicore/lib/gc_sc/Ps.pl
2011-02-08 18:00:20: Notice  : Building file unicore/lib/gc_sc/Punct.pl
2011-02-08 18:00:20: Notice  : Building file unicore/lib/gc_sc/QMark.pl
2011-02-08 18:00:20: Notice  : Building file unicore/lib/gc_sc/Qaai.pl
2011-02-08 18:00:20: Notice  : Building file unicore/lib/gc_sc/Quotatio.pl
2011-02-08 18:00:20: Notice  : Building file unicore/lib/gc_sc/Radical.pl
2011-02-08 18:00:20: Notice  : Building file unicore/lib/gc_sc/Radical2.pl
2011-02-08 18:00:20: Notice  : Building file unicore/lib/gc_sc/Rjng.pl
2011-02-08 18:00:20: Notice  : Building file unicore/lib/gc_sc/Runr.pl
2011-02-08 18:00:20: Notice  : Building file unicore/lib/gc_sc/S.pl
2011-02-08 18:00:20: Notice  : Building file unicore/lib/gc_sc/SD.pl
2011-02-08 18:00:20: Notice  : Building file unicore/lib/gc_sc/STerm.pl
2011-02-08 18:00:20: Notice  : Building file unicore/lib/gc_sc/Saur.pl
2011-02-08 18:00:20: Notice  : Building file unicore/lib/gc_sc/Sc.pl
2011-02-08 18:00:20: Notice  : Building file unicore/lib/gc_sc/Shaw.pl
2011-02-08 18:00:20: Notice  : Building file unicore/lib/gc_sc/Sinh.pl
2011-02-08 18:00:20: Notice  : Building file unicore/lib/gc_sc/Sk.pl
2011-02-08 18:00:20: Notice  : Building file unicore/lib/gc_sc/Sm.pl
2011-02-08 18:00:20: Notice  : Building file unicore/lib/gc_sc/So.pl
2011-02-08 18:00:20: Notice  : Building file unicore/lib/gc_sc/SoftDott.pl
2011-02-08 18:00:20: Notice  : Building file unicore/lib/gc_sc/Space.pl
2011-02-08 18:00:20: Notice  : Building file unicore/lib/gc_sc/SpacePer.pl
2011-02-08 18:00:20: Notice  : Building file unicore/lib/gc_sc/Sterm2.pl
2011-02-08 18:00:20: Notice  : Building file unicore/lib/gc_sc/Sund.pl
2011-02-08 18:00:20: Notice  : Building file unicore/lib/gc_sc/SylotiNa.pl
2011-02-08 18:00:20: Notice  : Building file unicore/lib/gc_sc/Syrc.pl
2011-02-08 18:00:20: Notice  : Building file unicore/lib/gc_sc/Tagb.pl
2011-02-08 18:00:20: Notice  : Building file unicore/lib/gc_sc/TaiLe.pl
2011-02-08 18:00:20: Notice  : Building file unicore/lib/gc_sc/Taml.pl
2011-02-08 18:00:20: Notice  : Building file unicore/lib/gc_sc/Telu.pl
2011-02-08 18:00:20: Notice  : Building file unicore/lib/gc_sc/Term.pl
2011-02-08 18:00:20: Notice  : Building file unicore/lib/gc_sc/Terminal.pl
2011-02-08 18:00:20: Notice  : Building file unicore/lib/gc_sc/Tfng.pl
2011-02-08 18:00:20: Notice  : Building file unicore/lib/gc_sc/Tglg.pl
2011-02-08 18:00:20: Notice  : Building file unicore/lib/gc_sc/Thaa.pl
2011-02-08 18:00:20: Notice  : Building file unicore/lib/gc_sc/Thai.pl
2011-02-08 18:00:20: Notice  : Building file unicore/lib/gc_sc/Tibt.pl
2011-02-08 18:00:20: Notice  : Building file unicore/lib/gc_sc/Title.pl
2011-02-08 18:00:20: Notice  : Building file unicore/lib/gc_sc/UIdeo.pl
2011-02-08 18:00:20: Notice  : Building file unicore/lib/gc_sc/Ugar.pl
2011-02-08 18:00:20: Notice  : Building file unicore/lib/gc_sc/UnifiedI.pl
2011-02-08 18:00:20: Notice  : Building file unicore/lib/gc_sc/Upper.pl
2011-02-08 18:00:20: Notice  : Building file unicore/lib/gc_sc/Uppercas.pl
2011-02-08 18:00:20: Notice  : Building file unicore/lib/gc_sc/VS.pl
2011-02-08 18:00:20: Notice  : Building file unicore/lib/gc_sc/Vaii.pl
2011-02-08 18:00:20: Notice  : Building file unicore/lib/gc_sc/Variatio.pl
2011-02-08 18:00:20: Notice  : Building file unicore/lib/gc_sc/VertSpac.pl
2011-02-08 18:00:20: Notice  : Building file unicore/lib/gc_sc/WSpace.pl
2011-02-08 18:00:21: Notice  : Building file unicore/lib/gc_sc/WhiteSpa.pl
2011-02-08 18:00:21: Notice  : Building file unicore/lib/gc_sc/Word.pl
2011-02-08 18:00:21: Notice  : Building file unicore/lib/gc_sc/XDigit.pl
2011-02-08 18:00:21: Notice  : Building file unicore/lib/gc_sc/Xsux.pl
2011-02-08 18:00:21: Notice  : Building file unicore/lib/gc_sc/Yiii.pl
2011-02-08 18:00:21: Notice  : Building file unicore/lib/gc_sc/Z.pl
2011-02-08 18:00:21: Notice  : Building file unicore/lib/gc_sc/Zl.pl
2011-02-08 18:00:21: Notice  : Building file unicore/lib/gc_sc/Zp.pl
2011-02-08 18:00:21: Notice  : Building file unicore/lib/gc_sc/Zs.pl
2011-02-08 18:00:21: Notice  : Building file unicore/lib/gc_sc/Zyyy.pl
2011-02-08 18:00:21: Notice  : Building file unicore/lib/gc_sc/_CanonDC.pl
2011-02-08 18:00:21: Notice  : Building file unicore/lib/gc_sc/_CaseIgn.pl
2011-02-08 18:00:21: Notice  : Building file unicore/lib/gc_sc/_CombAbo.pl
2011-02-08 18:00:21: Notice  : Building file unicore/lib/hst/L.pl
2011-02-08 18:00:21: Notice  : Building file unicore/lib/hst/LV.pl
2011-02-08 18:00:21: Notice  : Building file unicore/lib/hst/LVT.pl
2011-02-08 18:00:21: Notice  : Building file unicore/lib/hst/T.pl
2011-02-08 18:00:21: Notice  : Building file unicore/lib/hst/V.pl
2011-02-08 18:00:21: Notice  : Building file unicore/lib/jt/C.pl
2011-02-08 18:00:21: Notice  : Building file unicore/lib/jt/D.pl
2011-02-08 18:00:21: Notice  : Building file unicore/lib/jt/R.pl
2011-02-08 18:00:21: Notice  : Building file unicore/lib/jt/U.pl
2011-02-08 18:00:21: Notice  : Building file unicore/lib/lb/AI.pl
2011-02-08 18:00:21: Notice  : Building file unicore/lib/lb/AL.pl
2011-02-08 18:00:21: Notice  : Building file unicore/lib/lb/B2.pl
2011-02-08 18:00:21: Notice  : Building file unicore/lib/lb/BA.pl
2011-02-08 18:00:21: Notice  : Building file unicore/lib/lb/BB.pl
2011-02-08 18:00:21: Notice  : Building file unicore/lib/lb/BK.pl
2011-02-08 18:00:21: Notice  : Building file unicore/lib/lb/CB.pl
2011-02-08 18:00:21: Notice  : Building file unicore/lib/lb/CL.pl
2011-02-08 18:00:21: Notice  : Building file unicore/lib/lb/CM.pl
2011-02-08 18:00:21: Notice  : Building file unicore/lib/lb/CR.pl
2011-02-08 18:00:21: Notice  : Building file unicore/lib/lb/EX.pl
2011-02-08 18:00:21: Notice  : Building file unicore/lib/lb/GL.pl
2011-02-08 18:00:21: Notice  : Building file unicore/lib/lb/H2.pl
2011-02-08 18:00:21: Notice  : Building file unicore/lib/lb/H3.pl
2011-02-08 18:00:21: Notice  : Building file unicore/lib/lb/HY.pl
2011-02-08 18:00:21: Notice  : Building file unicore/lib/lb/ID.pl
2011-02-08 18:00:21: Notice  : Building file unicore/lib/lb/IN.pl
2011-02-08 18:00:21: Notice  : Building file unicore/lib/lb/IS.pl
2011-02-08 18:00:21: Notice  : Building file unicore/lib/lb/JL.pl
2011-02-08 18:00:21: Notice  : Building file unicore/lib/lb/JT.pl
2011-02-08 18:00:21: Notice  : Building file unicore/lib/lb/JV.pl
2011-02-08 18:00:21: Notice  : Building file unicore/lib/lb/LF.pl
2011-02-08 18:00:21: Notice  : Building file unicore/lib/lb/NL.pl
2011-02-08 18:00:21: Notice  : Building file unicore/lib/lb/NS.pl
2011-02-08 18:00:21: Notice  : Building file unicore/lib/lb/NU.pl
2011-02-08 18:00:21: Notice  : Building file unicore/lib/lb/OP.pl
2011-02-08 18:00:21: Notice  : Building file unicore/lib/lb/PO.pl
2011-02-08 18:00:21: Notice  : Building file unicore/lib/lb/PR.pl
2011-02-08 18:00:21: Notice  : Building file unicore/lib/lb/QU.pl
2011-02-08 18:00:21: Notice  : Building file unicore/lib/lb/SA.pl
2011-02-08 18:00:21: Notice  : Building file unicore/lib/lb/SG.pl
2011-02-08 18:00:21: Notice  : Building file unicore/lib/lb/SP.pl
2011-02-08 18:00:21: Notice  : Building file unicore/lib/lb/SY.pl
2011-02-08 18:00:21: Notice  : Building file unicore/lib/lb/WJ.pl
2011-02-08 18:00:21: Notice  : Building file unicore/lib/lb/XX.pl
2011-02-08 18:00:21: Notice  : Building file unicore/lib/lb/ZW.pl
2011-02-08 18:00:21: Notice  : Building file unicore/lib/nt/De.pl
2011-02-08 18:00:21: Notice  : Building file unicore/lib/nt/Di.pl
2011-02-08 18:00:21: Notice  : Building file unicore/lib/nt/Nu.pl
2011-02-08 18:00:21: Notice  : Building file utf8_heavy.pl
2011-02-08 18:00:21: Notice  : Building file MIME/QuotedPrint.pm
2011-02-08 18:00:21: Notice  : Building file List/Util.pm
2011-02-08 18:00:21: Notice  : Building file Scalar/Util/PP.pm
2011-02-08 18:00:21: Notice  : Building file Math/BigInt.pm
2011-02-08 18:00:22: Notice  : Building file Tie/Handle.pm
2011-02-08 18:00:22: Notice  : Building file Win32API/File/cFile.pc
2011-02-08 18:00:22: Notice  : Building file DBM/Deep/Engine.pm
2011-02-08 18:00:22: Notice  : Building file Hash/Util/FieldHash.pm
2011-02-08 18:00:22: Notice  : Building file Compress/Zlib.pm
2011-02-08 18:00:22: Notice  : Building file auto/Compress/Zlib/autosplit.ix
2011-02-08 18:00:22: Notice  : Building file Debug/Simple.pm
2011-02-08 18:00:22: Notice  : Building file IO/Uncompress/Unzip.pm
2011-02-08 18:00:22: Notice  : Building file encoding.pm
2011-02-08 18:00:22: Notice  : Building file Config_heavy.pl
2011-02-08 18:00:22: Notice  : Building file IO/Seekable.pm
2011-02-08 18:00:22: Notice  : Building file SelectSaver.pm
2011-02-08 18:00:22: Notice  : Building file mro.pm
2011-02-08 18:00:22: Notice  : Building file BerkeleyDB.pm
2011-02-08 18:00:22: Notice  : Building file auto/BerkeleyDB/autosplit.ix
2011-02-08 18:00:22: Notice  : Building file DBD/Gofer.pm
2011-02-08 18:00:22: Notice  : Building file vmsish.pm
2011-02-08 18:00:22: Notice  : Building file Clone.pm
2011-02-08 18:00:22: Notice  : Building file auto/Clone/autosplit.ix
2011-02-08 18:00:22: Notice  : Building file Errno.pm
2011-02-08 18:00:22: Notice  : Building file Win32/ODBC.pm
2011-02-08 18:00:22: Notice  : Building file bytes_heavy.pl
2011-02-08 18:00:22: Notice  : Building file B.pm
2011-02-08 18:00:22: Notice  : Building file Term/Cap.pm
2011-02-08 18:00:22: Notice  : Building file MIME/Base64.pm
2011-02-08 18:00:22: Notice  : Building file Time/Local.pm
2011-02-08 18:00:22: Notice  : Building file HTTP/Message.pm
2011-02-08 18:00:22: Notice  : Building file Digest/MD5.pm
2011-02-08 18:00:22: Notice  : Building file CPAN/Config.pm
2011-02-08 18:00:22: Notice  : Building file LWP/MediaTypes.pm
2011-02-08 18:00:22: Notice  : Building file File/Listing.pm
2011-02-08 18:00:22: Notice  : Building file HTTP/Negotiate.pm
2011-02-08 18:00:22: Notice  : Building file Net/FTP.pm
2011-02-08 18:00:22: Notice  : Building file IO/Select.pm
2011-02-08 18:00:22: Notice  : Building file IO/Socket.pm
2011-02-08 18:00:22: Notice  : Building file IO/Socket/INET.pm
2011-02-08 18:00:22: Notice  : Building file Net/HTTP.pm
2011-02-08 18:00:22: Notice  : Building file Net/HTTPS.pm
2011-02-08 18:00:22: Notice  : Building file IO/Socket/SSL.pm
2011-02-08 18:00:22: Notice  : Building file Net/SSL.pm
2011-02-08 18:00:22: Notice  : Building file Net/NNTP.pm
2011-02-08 18:00:22: Notice  : Building file HTTP/Cookies/Netscape.pm
2011-02-08 18:00:22: Notice  : Building file Net/Domain.pm
2011-02-08 18:00:22: Notice  : Building file Win32API/Registry.pm
2011-02-08 18:00:22: Notice  : Building file Win32/WinError.pm
2011-02-08 18:00:22: Notice  : Building file IO.pm
2011-02-08 18:00:22: Notice  : Building file XML/Parser/Expat.pm
2011-02-08 18:00:23: Notice  : Building file XML/Parser/Lite.pm
2011-02-08 18:00:23: Notice  : Building file XML/Parser/Style/Debug.pm
2011-02-08 18:00:23: Notice  : Building file XML/Parser/Style/Objects.pm
2011-02-08 18:00:23: Notice  : Building file XML/Parser/Style/Stream.pm
2011-02-08 18:00:23: Notice  : Building file XML/Parser/Style/Subs.pm
2011-02-08 18:00:23: Notice  : Building file XML/Parser/Style/Tree.pm
2011-02-08 18:00:23: Notice  : Building file XML/Parser/LWPExternEnt.pl
2011-02-08 18:00:23: Notice  : Building file XML/SAX/Exception.pm
2011-02-08 18:00:23: Notice  : Building file Search/Dict.pm
2011-02-08 18:00:23: Notice  : Building file List/Util/PP.pm
2011-02-08 18:00:23: Notice  : Building file Math/BigInt/Calc.pm
2011-02-08 18:00:23: Notice  : Building file Math/BigInt/CalcEmu.pm
2011-02-08 18:00:23: Notice  : Building file Math/BigInt/FastCalc.pm
2011-02-08 18:00:23: Notice  : Building file Math/BigInt/GMP.pm
2011-02-08 18:00:23: Notice  : Building file Math/BigInt/Trace.pm
2011-02-08 18:00:23: Notice  : Building file Math/BigFloat.pm
2011-02-08 18:00:23: Notice  : Building file Tie/StdHandle.pm
2011-02-08 18:00:23: Notice  : Building file DBM/Deep/Iterator.pm
2011-02-08 18:00:23: Notice  : Building file Compress/Raw/Zlib.pm
2011-02-08 18:00:23: Notice  : Building file auto/Compress/Raw/Zlib/autosplit.ix
2011-02-08 18:00:23: Notice  : Building file IO/Compress/Base/Common.pm
2011-02-08 18:00:23: Notice  : Building file IO/Compress/Gzip.pm
2011-02-08 18:00:23: Notice  : Building file IO/Compress/Gzip/Constants.pm
2011-02-08 18:00:23: Notice  : Building file IO/Uncompress/Gunzip.pm
2011-02-08 18:00:23: Notice  : Building file Term/ANSIColor.pm
2011-02-08 18:00:23: Notice  : Building file IO/Compress/Zip/Constants.pm
2011-02-08 18:00:23: Notice  : Building file IO/Compress/Zlib/Extra.pm
2011-02-08 18:00:23: Notice  : Building file IO/Uncompress/Adapter/Bunzip2.pm
2011-02-08 18:00:23: Notice  : Building file IO/Uncompress/Adapter/Identity.pm
2011-02-08 18:00:23: Notice  : Building file IO/Uncompress/Adapter/Inflate.pm
2011-02-08 18:00:23: Notice  : Building file IO/Uncompress/RawInflate.pm
2011-02-08 18:00:23: Notice  : Building file POSIX.pm
2011-02-08 18:00:23: Notice  : Building file auto/POSIX/abs.al
2011-02-08 18:00:23: Notice  : Building file auto/POSIX/alarm.al
2011-02-08 18:00:23: Notice  : Building file auto/POSIX/assert.al
2011-02-08 18:00:23: Notice  : Building file auto/POSIX/atan2.al
2011-02-08 18:00:23: Notice  : Building file auto/POSIX/atexit.al
2011-02-08 18:00:23: Notice  : Building file auto/POSIX/atof.al
2011-02-08 18:00:23: Notice  : Building file auto/POSIX/atoi.al
2011-02-08 18:00:23: Notice  : Building file auto/POSIX/atol.al
2011-02-08 18:00:23: Notice  : Building file auto/POSIX/bsearch.al
2011-02-08 18:00:23: Notice  : Building file auto/POSIX/calloc.al
2011-02-08 18:00:23: Notice  : Building file auto/POSIX/chdir.al
2011-02-08 18:00:23: Notice  : Building file auto/POSIX/chmod.al
2011-02-08 18:00:23: Notice  : Building file auto/POSIX/chown.al
2011-02-08 18:00:23: Notice  : Building file auto/POSIX/clearerr.al
2011-02-08 18:00:23: Notice  : Building file auto/POSIX/closedir.al
2011-02-08 18:00:23: Notice  : Building file auto/POSIX/cos.al
2011-02-08 18:00:23: Notice  : Building file auto/POSIX/creat.al
2011-02-08 18:00:23: Notice  : Building file auto/POSIX/div.al
2011-02-08 18:00:23: Notice  : Building file auto/POSIX/errno.al
2011-02-08 18:00:23: Notice  : Building file auto/POSIX/execl.al
2011-02-08 18:00:23: Notice  : Building file auto/POSIX/execle.al
2011-02-08 18:00:23: Notice  : Building file auto/POSIX/execlp.al
2011-02-08 18:00:23: Notice  : Building file auto/POSIX/execv.al
2011-02-08 18:00:23: Notice  : Building file auto/POSIX/execve.al
2011-02-08 18:00:23: Notice  : Building file auto/POSIX/execvp.al
2011-02-08 18:00:23: Notice  : Building file auto/POSIX/exit.al
2011-02-08 18:00:23: Notice  : Building file auto/POSIX/exp.al
2011-02-08 18:00:23: Notice  : Building file auto/POSIX/fabs.al
2011-02-08 18:00:23: Notice  : Building file auto/POSIX/fclose.al
2011-02-08 18:00:23: Notice  : Building file auto/POSIX/fcntl.al
2011-02-08 18:00:23: Notice  : Building file auto/POSIX/fdopen.al
2011-02-08 18:00:23: Notice  : Building file auto/POSIX/feof.al
2011-02-08 18:00:24: Notice  : Building file auto/POSIX/ferror.al
2011-02-08 18:00:24: Notice  : Building file auto/POSIX/fflush.al
2011-02-08 18:00:24: Notice  : Building file auto/POSIX/fgetc.al
2011-02-08 18:00:24: Notice  : Building file auto/POSIX/fgetpos.al
2011-02-08 18:00:24: Notice  : Building file auto/POSIX/fgets.al
2011-02-08 18:00:24: Notice  : Building file auto/POSIX/fileno.al
2011-02-08 18:00:24: Notice  : Building file auto/POSIX/fopen.al
2011-02-08 18:00:24: Notice  : Building file auto/POSIX/fork.al
2011-02-08 18:00:24: Notice  : Building file auto/POSIX/fprintf.al
2011-02-08 18:00:24: Notice  : Building file auto/POSIX/fputc.al
2011-02-08 18:00:24: Notice  : Building file auto/POSIX/fputs.al
2011-02-08 18:00:24: Notice  : Building file auto/POSIX/fread.al
2011-02-08 18:00:24: Notice  : Building file auto/POSIX/free.al
2011-02-08 18:00:24: Notice  : Building file auto/POSIX/freopen.al
2011-02-08 18:00:24: Notice  : Building file auto/POSIX/fscanf.al
2011-02-08 18:00:24: Notice  : Building file auto/POSIX/fseek.al
2011-02-08 18:00:24: Notice  : Building file auto/POSIX/fsetpos.al
2011-02-08 18:00:24: Notice  : Building file auto/POSIX/fstat.al
2011-02-08 18:00:24: Notice  : Building file auto/POSIX/fsync.al
2011-02-08 18:00:24: Notice  : Building file auto/POSIX/ftell.al
2011-02-08 18:00:24: Notice  : Building file auto/POSIX/fwrite.al
2011-02-08 18:00:24: Notice  : Building file auto/POSIX/getc.al
2011-02-08 18:00:24: Notice  : Building file auto/POSIX/getchar.al
2011-02-08 18:00:24: Notice  : Building file auto/POSIX/getegid.al
2011-02-08 18:00:24: Notice  : Building file auto/POSIX/getenv.al
2011-02-08 18:00:24: Notice  : Building file auto/POSIX/geteuid.al
2011-02-08 18:00:24: Notice  : Building file auto/POSIX/getgid.al
2011-02-08 18:00:24: Notice  : Building file auto/POSIX/getgrgid.al
2011-02-08 18:00:24: Notice  : Building file auto/POSIX/getgrnam.al
2011-02-08 18:00:24: Notice  : Building file auto/POSIX/getgroups.al
2011-02-08 18:00:24: Notice  : Building file auto/POSIX/getlogin.al
2011-02-08 18:00:24: Notice  : Building file auto/POSIX/getpgrp.al
2011-02-08 18:00:24: Notice  : Building file auto/POSIX/getpid.al
2011-02-08 18:00:24: Notice  : Building file auto/POSIX/getppid.al
2011-02-08 18:00:24: Notice  : Building file auto/POSIX/getpwnam.al
2011-02-08 18:00:24: Notice  : Building file auto/POSIX/getpwuid.al
2011-02-08 18:00:24: Notice  : Building file auto/POSIX/gets.al
2011-02-08 18:00:24: Notice  : Building file auto/POSIX/getuid.al
2011-02-08 18:00:24: Notice  : Building file auto/POSIX/gmtime.al
2011-02-08 18:00:24: Notice  : Building file auto/POSIX/isatty.al
2011-02-08 18:00:24: Notice  : Building file auto/POSIX/kill.al
2011-02-08 18:00:24: Notice  : Building file auto/POSIX/labs.al
2011-02-08 18:00:24: Notice  : Building file auto/POSIX/ldiv.al
2011-02-08 18:00:24: Notice  : Building file auto/POSIX/link.al
2011-02-08 18:00:24: Notice  : Building file auto/POSIX/load_imports.al
2011-02-08 18:00:24: Notice  : Building file auto/POSIX/localtime.al
2011-02-08 18:00:24: Notice  : Building file auto/POSIX/log.al
2011-02-08 18:00:24: Notice  : Building file auto/POSIX/longjmp.al
2011-02-08 18:00:24: Notice  : Building file auto/POSIX/malloc.al
2011-02-08 18:00:24: Notice  : Building file auto/POSIX/memchr.al
2011-02-08 18:00:24: Notice  : Building file auto/POSIX/memcmp.al
2011-02-08 18:00:24: Notice  : Building file auto/POSIX/memcpy.al
2011-02-08 18:00:24: Notice  : Building file auto/POSIX/memmove.al
2011-02-08 18:00:24: Notice  : Building file auto/POSIX/memset.al
2011-02-08 18:00:24: Notice  : Building file auto/POSIX/mkdir.al
2011-02-08 18:00:24: Notice  : Building file auto/POSIX/offsetof.al
2011-02-08 18:00:24: Notice  : Building file auto/POSIX/opendir.al
2011-02-08 18:00:24: Notice  : Building file auto/POSIX/perror.al
2011-02-08 18:00:24: Notice  : Building file auto/POSIX/pow.al
2011-02-08 18:00:24: Notice  : Building file auto/POSIX/printf.al
2011-02-08 18:00:24: Notice  : Building file auto/POSIX/putc.al
2011-02-08 18:00:24: Notice  : Building file auto/POSIX/putchar.al
2011-02-08 18:00:24: Notice  : Building file auto/POSIX/puts.al
2011-02-08 18:00:24: Notice  : Building file auto/POSIX/qsort.al
2011-02-08 18:00:24: Notice  : Building file auto/POSIX/raise.al
2011-02-08 18:00:24: Notice  : Building file auto/POSIX/rand.al
2011-02-08 18:00:24: Notice  : Building file auto/POSIX/readdir.al
2011-02-08 18:00:24: Notice  : Building file auto/POSIX/realloc.al
2011-02-08 18:00:24: Notice  : Building file auto/POSIX/redef.al
2011-02-08 18:00:24: Notice  : Building file auto/POSIX/remove.al
2011-02-08 18:00:24: Notice  : Building file auto/POSIX/rename.al
2011-02-08 18:00:24: Notice  : Building file auto/POSIX/rewind.al
2011-02-08 18:00:24: Notice  : Building file auto/POSIX/rewinddir.al
2011-02-08 18:00:24: Notice  : Building file auto/POSIX/rmdir.al
2011-02-08 18:00:24: Notice  : Building file auto/POSIX/scanf.al
2011-02-08 18:00:24: Notice  : Building file auto/POSIX/setbuf.al
2011-02-08 18:00:24: Notice  : Building file auto/POSIX/setjmp.al
2011-02-08 18:00:24: Notice  : Building file auto/POSIX/setvbuf.al
2011-02-08 18:00:24: Notice  : Building file auto/POSIX/siglongjmp.al
2011-02-08 18:00:24: Notice  : Building file auto/POSIX/sigsetjmp.al
2011-02-08 18:00:24: Notice  : Building file auto/POSIX/sin.al
2011-02-08 18:00:25: Notice  : Building file auto/POSIX/sleep.al
2011-02-08 18:00:25: Notice  : Building file auto/POSIX/sprintf.al
2011-02-08 18:00:25: Notice  : Building file auto/POSIX/sqrt.al
2011-02-08 18:00:25: Notice  : Building file auto/POSIX/srand.al
2011-02-08 18:00:25: Notice  : Building file auto/POSIX/sscanf.al
2011-02-08 18:00:25: Notice  : Building file auto/POSIX/stat.al
2011-02-08 18:00:25: Notice  : Building file auto/POSIX/strcat.al
2011-02-08 18:00:25: Notice  : Building file auto/POSIX/strchr.al
2011-02-08 18:00:25: Notice  : Building file auto/POSIX/strcmp.al
2011-02-08 18:00:25: Notice  : Building file auto/POSIX/strcpy.al
2011-02-08 18:00:25: Notice  : Building file auto/POSIX/strcspn.al
2011-02-08 18:00:25: Notice  : Building file auto/POSIX/strerror.al
2011-02-08 18:00:25: Notice  : Building file auto/POSIX/strlen.al
2011-02-08 18:00:25: Notice  : Building file auto/POSIX/strncat.al
2011-02-08 18:00:25: Notice  : Building file auto/POSIX/strncmp.al
2011-02-08 18:00:25: Notice  : Building file auto/POSIX/strncpy.al
2011-02-08 18:00:25: Notice  : Building file auto/POSIX/strpbrk.al
2011-02-08 18:00:25: Notice  : Building file auto/POSIX/strrchr.al
2011-02-08 18:00:25: Notice  : Building file auto/POSIX/strspn.al
2011-02-08 18:00:25: Notice  : Building file auto/POSIX/strstr.al
2011-02-08 18:00:25: Notice  : Building file auto/POSIX/strtok.al
2011-02-08 18:00:25: Notice  : Building file auto/POSIX/system.al
2011-02-08 18:00:25: Notice  : Building file auto/POSIX/time.al
2011-02-08 18:00:25: Notice  : Building file auto/POSIX/tmpfile.al
2011-02-08 18:00:25: Notice  : Building file auto/POSIX/tolower.al
2011-02-08 18:00:25: Notice  : Building file auto/POSIX/toupper.al
2011-02-08 18:00:25: Notice  : Building file auto/POSIX/umask.al
2011-02-08 18:00:25: Notice  : Building file auto/POSIX/ungetc.al
2011-02-08 18:00:25: Notice  : Building file auto/POSIX/unimpl.al
2011-02-08 18:00:25: Notice  : Building file auto/POSIX/unlink.al
2011-02-08 18:00:25: Notice  : Building file auto/POSIX/usage.al
2011-02-08 18:00:25: Notice  : Building file auto/POSIX/utime.al
2011-02-08 18:00:25: Notice  : Building file auto/POSIX/vfprintf.al
2011-02-08 18:00:25: Notice  : Building file auto/POSIX/vprintf.al
2011-02-08 18:00:25: Notice  : Building file auto/POSIX/vsprintf.al
2011-02-08 18:00:25: Notice  : Building file auto/POSIX/wait.al
2011-02-08 18:00:25: Notice  : Building file auto/POSIX/waitpid.al
2011-02-08 18:00:25: Notice  : Building file auto/POSIX/autosplit.ix
2011-02-08 18:00:25: Notice  : Building file encoding/warnings.pm
2011-02-08 18:00:25: Notice  : Building file Filter/Util/Call.pm
2011-02-08 18:00:25: Notice  : Building file Config_git.pl
2011-02-08 18:00:25: Notice  : Building file IO/Compress/Bzip2.pm
2011-02-08 18:00:25: Notice  : Building file IO/Compress/Deflate.pm
2011-02-08 18:00:25: Notice  : Building file IO/Uncompress/Bunzip2.pm
2011-02-08 18:00:25: Notice  : Building file IO/Uncompress/Inflate.pm
2011-02-08 18:00:25: Notice  : Building file Digest/base.pm
2011-02-08 18:00:25: Notice  : Building file LWP/Online.pm
2011-02-08 18:00:25: Notice  : Building file Net/FTP/A.pm
2011-02-08 18:00:25: Notice  : Building file Net/FTP/E.pm
2011-02-08 18:00:25: Notice  : Building file Net/FTP/I.pm
2011-02-08 18:00:25: Notice  : Building file Net/FTP/L.pm
2011-02-08 18:00:25: Notice  : Building file Net/FTP/dataconn.pm
2011-02-08 18:00:25: Notice  : Building file Net/Cmd.pm
2011-02-08 18:00:25: Notice  : Building file Net/Config.pm
2011-02-08 18:00:25: Notice  : Building file Net/Netrc.pm
2011-02-08 18:00:25: Notice  : Building file Socket.pm
2011-02-08 18:00:25: Notice  : Building file IO/Socket/UNIX.pm
2011-02-08 18:00:25: Notice  : Building file Net/HTTP/Methods.pm
2011-02-08 18:00:25: Notice  : Building file Net/SSLeay.pm
2011-02-08 18:00:25: Notice  : Building file auto/Net/SSLeay/debug_read.al
2011-02-08 18:00:25: Notice  : Building file auto/Net/SSLeay/do_https.al
2011-02-08 18:00:25: Notice  : Building file auto/Net/SSLeay/do_https2.al
2011-02-08 18:00:25: Notice  : Building file auto/Net/SSLeay/do_https3.al
2011-02-08 18:00:25: Notice  : Building file auto/Net/SSLeay/do_https4.al
2011-02-08 18:00:25: Notice  : Building file auto/Net/SSLeay/do_httpx2.al
2011-02-08 18:00:25: Notice  : Building file auto/Net/SSLeay/do_httpx3.al
2011-02-08 18:00:25: Notice  : Building file auto/Net/SSLeay/do_httpx4.al
2011-02-08 18:00:25: Notice  : Building file auto/Net/SSLeay/dump_peer_certificate.al
2011-02-08 18:00:25: Notice  : Building file auto/Net/SSLeay/get_http.al
2011-02-08 18:00:25: Notice  : Building file auto/Net/SSLeay/get_http3.al
2011-02-08 18:00:25: Notice  : Building file auto/Net/SSLeay/get_http4.al
2011-02-08 18:00:25: Notice  : Building file auto/Net/SSLeay/get_https.al
2011-02-08 18:00:25: Notice  : Building file auto/Net/SSLeay/get_https3.al
2011-02-08 18:00:26: Notice  : Building file auto/Net/SSLeay/get_https4.al
2011-02-08 18:00:26: Notice  : Building file auto/Net/SSLeay/get_httpx.al
2011-02-08 18:00:26: Notice  : Building file auto/Net/SSLeay/get_httpx3.al
2011-02-08 18:00:26: Notice  : Building file auto/Net/SSLeay/get_httpx4.al
2011-02-08 18:00:26: Notice  : Building file auto/Net/SSLeay/head_http.al
2011-02-08 18:00:26: Notice  : Building file auto/Net/SSLeay/head_http3.al
2011-02-08 18:00:26: Notice  : Building file auto/Net/SSLeay/head_http4.al
2011-02-08 18:00:26: Notice  : Building file auto/Net/SSLeay/head_https.al
2011-02-08 18:00:26: Notice  : Building file auto/Net/SSLeay/head_https3.al
2011-02-08 18:00:26: Notice  : Building file auto/Net/SSLeay/head_https4.al
2011-02-08 18:00:26: Notice  : Building file auto/Net/SSLeay/head_httpx.al
2011-02-08 18:00:26: Notice  : Building file auto/Net/SSLeay/head_httpx3.al
2011-02-08 18:00:26: Notice  : Building file auto/Net/SSLeay/head_httpx4.al
2011-02-08 18:00:26: Notice  : Building file auto/Net/SSLeay/https_cat.al
2011-02-08 18:00:26: Notice  : Building file auto/Net/SSLeay/httpx_cat.al
2011-02-08 18:00:26: Notice  : Building file auto/Net/SSLeay/http_cat.al
2011-02-08 18:00:26: Notice  : Building file auto/Net/SSLeay/make_form.al
2011-02-08 18:00:26: Notice  : Building file auto/Net/SSLeay/make_headers.al
2011-02-08 18:00:26: Notice  : Building file auto/Net/SSLeay/new_x_ctx.al
2011-02-08 18:00:26: Notice  : Building file auto/Net/SSLeay/open_proxy_tcp_connection.al
2011-02-08 18:00:26: Notice  : Building file auto/Net/SSLeay/open_tcp_connection.al
2011-02-08 18:00:26: Notice  : Building file auto/Net/SSLeay/post_http.al
2011-02-08 18:00:26: Notice  : Building file auto/Net/SSLeay/post_http3.al
2011-02-08 18:00:26: Notice  : Building file auto/Net/SSLeay/post_http4.al
2011-02-08 18:00:26: Notice  : Building file auto/Net/SSLeay/post_https.al
2011-02-08 18:00:26: Notice  : Building file auto/Net/SSLeay/post_https3.al
2011-02-08 18:00:26: Notice  : Building file auto/Net/SSLeay/post_https4.al
2011-02-08 18:00:26: Notice  : Building file auto/Net/SSLeay/post_httpx.al
2011-02-08 18:00:26: Notice  : Building file auto/Net/SSLeay/post_httpx3.al
2011-02-08 18:00:26: Notice  : Building file auto/Net/SSLeay/post_httpx4.al
2011-02-08 18:00:26: Notice  : Building file auto/Net/SSLeay/put_http.al
2011-02-08 18:00:26: Notice  : Building file auto/Net/SSLeay/put_http3.al
2011-02-08 18:00:26: Notice  : Building file auto/Net/SSLeay/put_http4.al
2011-02-08 18:00:26: Notice  : Building file auto/Net/SSLeay/put_https.al
2011-02-08 18:00:26: Notice  : Building file auto/Net/SSLeay/put_https3.al
2011-02-08 18:00:26: Notice  : Building file auto/Net/SSLeay/put_https4.al
2011-02-08 18:00:26: Notice  : Building file auto/Net/SSLeay/put_httpx.al
2011-02-08 18:00:26: Notice  : Building file auto/Net/SSLeay/put_httpx3.al
2011-02-08 18:00:26: Notice  : Building file auto/Net/SSLeay/put_httpx4.al
2011-02-08 18:00:26: Notice  : Building file auto/Net/SSLeay/randomize.al
2011-02-08 18:00:26: Notice  : Building file auto/Net/SSLeay/set_cert_and_key.al
2011-02-08 18:00:26: Notice  : Building file auto/Net/SSLeay/set_proxy.al
2011-02-08 18:00:26: Notice  : Building file auto/Net/SSLeay/set_server_cert_and_key.al
2011-02-08 18:00:26: Notice  : Building file auto/Net/SSLeay/sslcat.al
2011-02-08 18:00:26: Notice  : Building file auto/Net/SSLeay/ssl_read_all.al
2011-02-08 18:00:26: Notice  : Building file auto/Net/SSLeay/ssl_read_CRLF.al
2011-02-08 18:00:26: Notice  : Building file auto/Net/SSLeay/ssl_read_until.al
2011-02-08 18:00:26: Notice  : Building file auto/Net/SSLeay/ssl_write_all.al
2011-02-08 18:00:26: Notice  : Building file auto/Net/SSLeay/ssl_write_CRLF.al
2011-02-08 18:00:26: Notice  : Building file auto/Net/SSLeay/tcpcat.al
2011-02-08 18:00:26: Notice  : Building file auto/Net/SSLeay/tcpxcat.al
2011-02-08 18:00:26: Notice  : Building file auto/Net/SSLeay/tcp_read_all.al
2011-02-08 18:00:26: Notice  : Building file auto/Net/SSLeay/tcp_read_CRLF.al
2011-02-08 18:00:26: Notice  : Building file auto/Net/SSLeay/tcp_read_until.al
2011-02-08 18:00:26: Notice  : Building file auto/Net/SSLeay/tcp_write_all.al
2011-02-08 18:00:26: Notice  : Building file auto/Net/SSLeay/tcp_write_CRLF.al
2011-02-08 18:00:26: Notice  : Building file auto/Net/SSLeay/want_nothing.al
2011-02-08 18:00:26: Notice  : Building file auto/Net/SSLeay/want_read.al
2011-02-08 18:00:26: Notice  : Building file auto/Net/SSLeay/want_write.al
2011-02-08 18:00:26: Notice  : Building file auto/Net/SSLeay/want_X509_lookup.al
2011-02-08 18:00:26: Notice  : Building file auto/Net/SSLeay/autosplit.ix
2011-02-08 18:00:26: Notice  : Building file Crypt/SSLeay.pm
2011-02-08 18:00:26: Notice  : Building file Crypt/SSLeay/Conn.pm
2011-02-08 18:00:26: Notice  : Building file Crypt/SSLeay/Err.pm
2011-02-08 18:00:26: Notice  : Building file Crypt/SSLeay/MainContext.pm
2011-02-08 18:00:26: Notice  : Building file Win32API/Registry/cRegistry.pc
2011-02-08 18:00:26: Notice  : Building file IO/Dir.pm
2011-02-08 18:00:26: Notice  : Building file IO/Pipe.pm
2011-02-08 18:00:26: Notice  : Building file Math/BigFloat/Trace.pm
2011-02-08 18:00:26: Notice  : Building file File/GlobMapper.pm
2011-02-08 18:00:26: Notice  : Building file IO/Compress/Base.pm
2011-02-08 18:00:26: Notice  : Building file IO/Compress/RawDeflate.pm
2011-02-08 18:00:26: Notice  : Building file Compress/Raw/Bzip2.pm
2011-02-08 18:00:27: Notice  : Building file auto/Compress/Raw/Bzip2/autosplit.ix
2011-02-08 18:00:27: Notice  : Building file IO/Uncompress/Base.pm
2011-02-08 18:00:27: Notice  : Building file sort.pm
2011-02-08 18:00:27: Notice  : Building file IO/Compress/Adapter/Bzip2.pm
2011-02-08 18:00:27: Notice  : Building file IO/Compress/Zlib/Constants.pm
2011-02-08 18:00:27: Notice  : Building file Test/More.pm
2011-02-08 18:00:27: Notice  : Building file Crypt/SSLeay/X509.pm
2011-02-08 18:00:27: Notice  : Building file Crypt/SSLeay/CTX.pm
2011-02-08 18:00:27: Notice  : Building file File/stat.pm
2011-02-08 18:00:27: Notice  : Building file IO/Compress/Adapter/Deflate.pm
2011-02-08 18:00:27: Notice  : Building file Test/Builder/Module.pm
2011-02-08 18:00:27: Notice  : Building file Class/Struct.pm
2011-02-08 18:00:27: Notice  : Building file Test/Builder.pm
2011-02-08 18:00:27: Notice  : Building file Test/Builder/IO/Scalar.pm
2011-02-08 18:00:27: Notice  : Building file parent.pm
2011-02-08 18:00:27: Notice  : Building file threads/shared.pm
2011-02-08 18:00:27: Notice  : Adding Autoload XS Files
2011-02-08 18:00:27: Notice  : Building file auto/PerlIO/scalar/scalar.dll
2011-02-08 18:00:27: Notice  : Building file auto/File/Glob/Glob.dll
2011-02-08 18:00:27: Notice  : Building file auto/Win32/Win32.dll
2011-02-08 18:00:27: Notice  : Building file auto/HTML/Parser/Parser.dll
2011-02-08 18:00:27: Notice  : Building file auto/DBD/ODBC/ODBC.dll
2011-02-08 18:00:27: Notice  : Building file auto/DBD/SQLite/SQLite.dll
2011-02-08 18:00:27: Notice  : Building file auto/DBD/mysql/mysql.dll
2011-02-08 18:00:27: Notice  : Building file auto/DBI/DBI.dll
2011-02-08 18:00:27: Notice  : Building file auto/Data/Dumper/Dumper.dll
2011-02-08 18:00:27: Notice  : Building file auto/Encode/Encode.dll
2011-02-08 18:00:27: Notice  : Building file auto/Encode/Byte/Byte.dll
2011-02-08 18:00:27: Notice  : Building file auto/Storable/Storable.dll
2011-02-08 18:00:27: Notice  : Building file auto/Text/LevenshteinXS/LevenshteinXS.dll
2011-02-08 18:00:27: Notice  : Building file auto/Win32/Process/Process.dll
2011-02-08 18:00:27: Notice  : Building file auto/PerlIO/encoding/encoding.dll
2011-02-08 18:00:27: Notice  : Building file auto/PerlIO/via/via.dll
2011-02-08 18:00:27: Notice  : Building file auto/Cwd/Cwd.dll
2011-02-08 18:00:27: Notice  : Building file auto/Win32API/File/File.dll
2011-02-08 18:00:27: Notice  : Building file auto/Encode/Symbol/Symbol.dll
2011-02-08 18:00:27: Notice  : Building file auto/re/re.dll
2011-02-08 18:00:27: Notice  : Building file auto/Encode/CN/CN.dll
2011-02-08 18:00:27: Notice  : Building file auto/Encode/EBCDIC/EBCDIC.dll
2011-02-08 18:00:27: Notice  : Building file auto/Encode/JP/JP.dll
2011-02-08 18:00:27: Notice  : Building file auto/Encode/KR/KR.dll
2011-02-08 18:00:27: Notice  : Building file auto/Encode/TW/TW.dll
2011-02-08 18:00:27: Notice  : Building file auto/Encode/Unicode/Unicode.dll
2011-02-08 18:00:27: Notice  : Building file auto/Fcntl/Fcntl.dll
2011-02-08 18:00:27: Notice  : Building file auto/Unicode/Collate/Collate.dll
2011-02-08 18:00:27: Notice  : Building file auto/Unicode/Normalize/Normalize.dll
2011-02-08 18:00:27: Notice  : Building file auto/List/Util/Util.dll
2011-02-08 18:00:27: Notice  : Building file auto/Hash/Util/FieldHash/FieldHash.dll
2011-02-08 18:00:27: Notice  : Building file auto/mro/mro.dll
2011-02-08 18:00:27: Notice  : Building file auto/BerkeleyDB/BerkeleyDB.dll
2011-02-08 18:00:27: Notice  : Building file auto/Clone/Clone.dll
2011-02-08 18:00:27: Notice  : Building file auto/Win32/ODBC/ODBC.dll
2011-02-08 18:00:27: Notice  : Building file auto/B/B.dll
2011-02-08 18:00:27: Notice  : Building file auto/MIME/Base64/Base64.dll
2011-02-08 18:00:27: Notice  : Building file auto/Digest/MD5/MD5.dll
2011-02-08 18:00:27: Notice  : Building file auto/Win32API/Registry/Registry.dll
2011-02-08 18:00:27: Notice  : Building file auto/Win32/WinError/WinError.dll
2011-02-08 18:00:28: Notice  : Building file auto/IO/IO.dll
2011-02-08 18:00:28: Notice  : Building file auto/XML/Parser/Expat/Expat.dll
2011-02-08 18:00:28: Notice  : Building file auto/Math/BigInt/FastCalc/FastCalc.dll
2011-02-08 18:00:28: Notice  : Building file auto/Math/BigInt/GMP/GMP.dll
2011-02-08 18:00:28: Notice  : Building file auto/Compress/Raw/Zlib/Zlib.dll
2011-02-08 18:00:28: Notice  : Building file auto/POSIX/POSIX.dll
2011-02-08 18:00:28: Notice  : Building file auto/Filter/Util/Call/Call.dll
2011-02-08 18:00:28: Notice  : Building file auto/Socket/Socket.dll
2011-02-08 18:00:28: Notice  : Building file auto/Net/SSLeay/SSLeay.dll
2011-02-08 18:00:28: Notice  : Building file auto/Crypt/SSLeay/SSLeay.dll
2011-02-08 18:00:28: Notice  : Building file auto/Compress/Raw/Bzip2/Bzip2.dll
2011-02-08 18:00:28: Notice  : Building file auto/threads/shared/shared.dll
2011-02-08 18:00:28: Notice  : Adding Autoload DLL Files
2011-02-08 18:00:28: Notice  : Building file auto/DBD/mysql/libmysql_.dll
2011-02-08 18:00:28: Notice  : Adding Autoload Data Files
2011-02-08 18:00:28: Notice  : Adding File::ShareDir Data Files
2011-02-08 18:00:28: Notice  : Building file auto/share/dist/DBD-SQLite/sqlite3.c
2011-02-08 18:00:28: Notice  : Building file auto/share/dist/DBD-SQLite/sqlite3.h
2011-02-08 18:00:28: Notice  : Adding Resource Files
2011-02-08 18:00:28: Notice  : Building Executables
2011-02-08 18:00:28: Notice  : Building Executable episodescanner.exe
2011-02-08 18:00:28: Notice  : Executable Flags : 1073761280
2011-02-08 18:00:28: Notice  : Setting Version Info : ProductName=Episodescanner
2011-02-08 18:00:28: Notice  : Setting Version Info : ProductVersion=1.0.0.17
2011-02-08 18:00:28: Notice  : Setting Version Info : FileDescription=
2011-02-08 18:00:28: Notice  : Setting Version Info : FileVersion=1.0.0.17
2011-02-08 18:00:28: Notice  : Setting Version Info : OriginalFilename=episodescanner.exe
2011-02-08 18:00:28: Notice  : Setting Version Info : CompanyName=stefan
2011-02-08 18:00:28: Notice  : Setting Version Info : LegalCopyright=Copyright (C) 2011 stefan
2011-02-08 18:00:28: Notice  : Setting Version Info : InternalName=episodescanner.exe
2011-02-08 18:00:28: Notice  : Setting Version Info : Comments=
2011-02-08 18:00:28: Notice  : Setting Version Info : LegalTrademarks=
2011-02-08 18:00:28: Notice  : Setting exection level asInvoker
2011-02-08 18:00:28: Notice  : Setting uiaccess false
2011-02-08 18:00:28: Notice  : Manifest - Adding common controls dependency
2011-02-08 18:00:29: Notice  : Building Diagnostic Executable diagnostic.exe
2011-02-08 18:00:29: Notice  : Building Test Executable runtest.exe
2011-02-08 18:00:29: Notice  : Executable Flags : 1107315712
2011-02-08 18:00:29: Notice  : Setting Version Info : ProductName=Episodescanner
2011-02-08 18:00:29: Notice  : Setting Version Info : ProductVersion=1.0.0.17
2011-02-08 18:00:29: Notice  : Setting Version Info : FileDescription=Application Testing and Diagnostics
2011-02-08 18:00:29: Notice  : Setting Version Info : FileVersion=1.0.0.17
2011-02-08 18:00:29: Notice  : Setting Version Info : OriginalFilename=runtest.exe
2011-02-08 18:00:29: Notice  : Setting Version Info : CompanyName=stefan
2011-02-08 18:00:29: Notice  : Setting Version Info : LegalCopyright=Copyright (C) 2011 stefan
2011-02-08 18:00:29: Notice  : Setting Version Info : InternalName=runtest.exe
2011-02-08 18:00:29: Notice  : Setting Version Info : Comments=
2011-02-08 18:00:29: Notice  : Setting Version Info : LegalTrademarks=
2011-02-08 18:00:29: Notice  : Setting exection level asInvoker
2011-02-08 18:00:29: Notice  : Setting uiaccess false
2011-02-08 18:00:30: Notice  : Compressing Files ...... please wait ........
2011-02-08 18:00:36: Notice  : Installing Executables
2011-02-08 18:00:36: Notice  : Installing Release Files .... Please wait ....
2011-02-08 18:00:36: Notice  : Creating test and diagnostic build
2011-02-08 18:00:38: Notice  : Release Creation Complete
