2011-02-08 17:58:58: Notice  : Starting Cava Packager Console Application
2011-02-08 17:58:58: Notice  : Cava Packager Version 2.0.32.53
2011-02-08 17:58:58: Notice  : Loaded Module Rules - DB Format Version: 27
2011-02-08 17:58:58: Notice  : Loaded Project : Episodescanner
2011-02-08 17:58:58: Notice  : Configuration ....
2011-02-08 17:58:58: Notice  : Project Location : C:\Users\spriebe\Desktop\MP\SVN\_myown\episodescanner\_cava\cava20.cpkgproj
2011-02-08 17:58:58: Notice  : Project name : Episodescanner
2011-02-08 17:58:58: Notice  : Process will do scan ? : YES
2011-02-08 17:58:58: Notice  : Process will do build ? : YES
2011-02-08 17:58:58: Notice  : System Info : Intel64 Family 6 Model 37 Stepping 5, GenuineIntel, Win7, 
2011-02-08 17:58:58: Notice  : Subscription: Cava Packager Non Commercial Use, CC3EC9AB-6E80-1014-8E63-8DAB2BE794B8
2011-02-08 17:58:58: Notice  : Starting Project Scan
2011-02-08 17:58:58: Notice  : Installed Cava::Packager utilities version is 2.03
2011-02-08 17:58:58: Notice  : Target System Architecture = Intel 32 bit x86
2011-02-08 17:58:58: Notice  : Perl Architecture = MSWin32-x86-multi-thread
2011-02-08 17:58:58: Notice  : Perl Version = 5.10.1
2011-02-08 17:58:58: Notice  : Perl Vendor = Strawberry Perl
2011-02-08 17:58:58: Notice  : Scanning File: episodescanner.pl
2011-02-08 17:58:58: Notice  : Scanning File: PerlIO
2011-02-08 17:58:58: Notice  : Scanning File: PerlIO::scalar
2011-02-08 17:58:58: Notice  : Scanning File: attributes
2011-02-08 17:58:58: Notice  : Scanning File: File::Glob
2011-02-08 17:58:59: Notice  : Scanning File: File::Spec
2011-02-08 17:58:59: Notice  : Scanning File: File::Spec::Unix
2011-02-08 17:58:59: Notice  : Scanning File: File::Path
2011-02-08 17:58:59: Notice  : Scanning File: Tie::Hash::NamedCapture
2011-02-08 17:58:59: Notice  : Scanning File: feature
2011-02-08 17:58:59: Notice  : Scanning File: Win32
2011-02-08 17:58:59: Notice  : Scanning File: File::Spec::Win32
2011-02-08 17:59:00: Notice  : Scanning File: auto/DynaLoader/dl_expandspec.al
2011-02-08 17:59:00: Notice  : Scanning File: auto/DynaLoader/dl_findfile.al
2011-02-08 17:59:00: Notice  : Scanning File: auto/DynaLoader/dl_find_symbol_anywhere.al
2011-02-08 17:59:00: Notice  : Scanning File: auto/DynaLoader/autosplit.ix
2011-02-08 17:59:00: Notice  : Scanning File: HTML::Parser
2011-02-08 17:59:00: Notice  : Scanning File: Backend::Fernsehserien
2011-02-08 17:59:00: Notice  : Scanning File: Backend::TVDB
2011-02-08 17:59:00: Notice  : Scanning File: Backend::Wunschliste
2011-02-08 17:59:01: Notice  : Scanning File: Config::General
2011-02-08 17:59:01: Notice  : Scanning File: DBD::ODBC
2011-02-08 17:59:01: Notice  : Scanning File: DBD::SQLite
2011-02-08 17:59:02: Notice  : Scanning File: DBD::mysql
2011-02-08 17:59:02: Notice  : Scanning File: DBI
2011-02-08 17:59:03: Notice  : Slurping Perl Slurp DBI/Const for depth All
2011-02-08 17:59:03: Notice  : Slurping Perl Slurp DBI/Const/GetInfo for depth All
2011-02-08 17:59:03: Notice  : Slurping Perl Slurp DBI/ProfileDumper for depth All
2011-02-08 17:59:03: Notice  : Slurping Perl Slurp DBI/SQL for depth All
2011-02-08 17:59:03: Notice  : Scanning File: Data::Dumper
2011-02-08 17:59:04: Notice  : Scanning File: Encode
2011-02-08 17:59:04: Notice  : Scanning File: Encode::Byte
2011-02-08 17:59:04: Notice  : Scanning File: HTML::Entities
2011-02-08 17:59:04: Notice  : Scanning File: LWP::Simple
2011-02-08 17:59:04: Notice  : Scanning File: LWP::UserAgent
2011-02-08 17:59:05: Notice  : Slurping Perl Slurp LWP/Authen for depth All
2011-02-08 17:59:05: Notice  : Slurping Perl Slurp LWP/Protocol for depth All
2011-02-08 17:59:05: Notice  : Scanning File: Log
2011-02-08 17:59:05: Notice  : Scanning File: Storable
2011-02-08 17:59:05: Notice  : Scanning File: auto/Storable/BIN_VERSION_NV.al
2011-02-08 17:59:05: Notice  : Scanning File: auto/Storable/BIN_WRITE_VERSION_NV.al
2011-02-08 17:59:05: Notice  : Scanning File: auto/Storable/CAN_FLOCK.al
2011-02-08 17:59:05: Notice  : Scanning File: auto/Storable/fd_retrieve.al
2011-02-08 17:59:05: Notice  : Scanning File: auto/Storable/file_magic.al
2011-02-08 17:59:05: Notice  : Scanning File: auto/Storable/freeze.al
2011-02-08 17:59:05: Notice  : Scanning File: auto/Storable/lock_nstore.al
2011-02-08 17:59:05: Notice  : Scanning File: auto/Storable/lock_retrieve.al
2011-02-08 17:59:05: Notice  : Scanning File: auto/Storable/lock_store.al
2011-02-08 17:59:05: Notice  : Scanning File: auto/Storable/logcarp.al
2011-02-08 17:59:05: Notice  : Scanning File: auto/Storable/logcroak.al
2011-02-08 17:59:05: Notice  : Scanning File: auto/Storable/nfreeze.al
2011-02-08 17:59:05: Notice  : Scanning File: auto/Storable/nstore.al
2011-02-08 17:59:05: Notice  : Scanning File: auto/Storable/nstore_fd.al
2011-02-08 17:59:05: Notice  : Scanning File: auto/Storable/read_magic.al
2011-02-08 17:59:05: Notice  : Scanning File: auto/Storable/retrieve.al
2011-02-08 17:59:05: Notice  : Scanning File: auto/Storable/show_file_magic.al
2011-02-08 17:59:05: Notice  : Scanning File: auto/Storable/store.al
2011-02-08 17:59:05: Notice  : Scanning File: auto/Storable/store_fd.al
2011-02-08 17:59:05: Notice  : Scanning File: auto/Storable/thaw.al
2011-02-08 17:59:05: Notice  : Scanning File: auto/Storable/_freeze.al
2011-02-08 17:59:05: Notice  : Scanning File: auto/Storable/_retrieve.al
2011-02-08 17:59:05: Notice  : Scanning File: auto/Storable/_store.al
2011-02-08 17:59:05: Notice  : Scanning File: auto/Storable/_store_fd.al
2011-02-08 17:59:05: Notice  : Scanning File: auto/Storable/autosplit.ix
2011-02-08 17:59:05: Notice  : Scanning File: Text::LevenshteinXS
2011-02-08 17:59:05: Notice  : Scanning File: auto/Text/LevenshteinXS/autosplit.ix
2011-02-08 17:59:05: Notice  : Scanning File: URI
2011-02-08 17:59:06: Notice  : Scanning File: URI::Escape
2011-02-08 17:59:06: Notice  : Scanning File: Win32::Codepage
2011-02-08 17:59:06: Notice  : Scanning File: Win32::Process
2011-02-08 17:59:06: Notice  : Scanning File: XML::Simple
2011-02-08 17:59:06: Notice  : Scanning File: thumbs
2011-02-08 17:59:07: Notice  : Scanning File: utf8
2011-02-08 17:59:07: Notice  : Slurping Perl Slurp Unicode for depth All
2011-02-08 17:59:07: Notice  : Slurping Perl Slurp unicore for depth All
2011-02-08 17:59:08: Notice  : Scanning File: PerlIO::encoding
2011-02-08 17:59:08: Notice  : Scanning File: PerlIO::via
2011-02-08 17:59:08: Notice  : Scanning File: PerlIO::via::QuotedPrint
2011-02-08 17:59:08: Notice  : Scanning File: UNIVERSAL
2011-02-08 17:59:08: Notice  : Scanning File: Text::ParseWords
2011-02-08 17:59:08: Notice  : Scanning File: File::Spec::Cygwin
2011-02-08 17:59:09: Notice  : Scanning File: File::Spec::Epoc
2011-02-08 17:59:09: Notice  : Scanning File: File::Spec::Functions
2011-02-08 17:59:09: Notice  : Scanning File: File::Spec::Mac
2011-02-08 17:59:09: Notice  : Scanning File: File::Spec::OS2
2011-02-08 17:59:09: Notice  : Scanning File: File::Spec::VMS
2011-02-08 17:59:09: Notice  : Scanning File: Cwd
2011-02-08 17:59:10: Notice  : Scanning File: Scalar::Util
2011-02-08 17:59:10: Notice  : Scanning File: File::Basename
2011-02-08 17:59:10: Notice  : Scanning File: Symbol
2011-02-08 17:59:10: Notice  : Scanning File: Win32API::File
2011-02-08 17:59:10: Notice  : Scanning File: Backend::EpisodeSubst
2011-02-08 17:59:10: Notice  : Scanning File: Encode::Alias
2011-02-08 17:59:10: Notice  : Scanning File: Encode::Encoder
2011-02-08 17:59:10: Notice  : Scanning File: Encode::Encoding
2011-02-08 17:59:10: Notice  : Scanning File: Encode::Symbol
2011-02-08 17:59:10: Notice  : Scanning File: URI::URL
2011-02-08 17:59:11: Notice  : Scanning File: DBM::Deep
2011-02-08 17:59:11: Notice  : Scanning File: DBM::Deep::Array
2011-02-08 17:59:11: Notice  : Scanning File: DBM::Deep::Hash
2011-02-08 17:59:11: Notice  : Scanning File: TVDB::API
2011-02-08 17:59:12: Notice  : Scanning File: Config
2011-02-08 17:59:12: Notice  : Scanning File: Config::General::Extended
2011-02-08 17:59:12: Notice  : Scanning File: Config::General::Interpolated
2011-02-08 17:59:12: Notice  : Scanning File: English
2011-02-08 17:59:12: Notice  : Scanning File: FileHandle
2011-02-08 17:59:12: Notice  : Scanning File: IO::File
2011-02-08 17:59:12: Notice  : Scanning File: base
2011-02-08 17:59:12: Notice  : Scanning File: constant
2011-02-08 17:59:12: Notice  : Scanning File: DBD::Sponge
2011-02-08 17:59:12: Notice  : Scanning File: Tie::Hash
2011-02-08 17:59:12: Notice  : Scanning File: locale
2011-02-08 17:59:12: Notice  : Scanning File: DBD::mysql::GetInfo
2011-02-08 17:59:13: Notice  : Scanning File: DBI::Const::GetInfoType
2011-02-08 17:59:13: Notice  : Scanning File: DBD::DBM
2011-02-08 17:59:13: Notice  : Scanning File: DBD::ExampleP
2011-02-08 17:59:13: Notice  : Scanning File: DBD::File
2011-02-08 17:59:14: Notice  : Scanning File: DBD::NullP
2011-02-08 17:59:14: Notice  : Scanning File: DBD::Proxy
2011-02-08 17:59:14: Notice  : Scanning File: DBI::Changes
2011-02-08 17:59:14: Notice  : Scanning File: DBI::Const::GetInfo::ANSI
2011-02-08 17:59:14: Notice  : Scanning File: DBI::Const::GetInfo::ODBC
2011-02-08 17:59:15: Notice  : Scanning File: DBI::Const::GetInfoReturn
2011-02-08 17:59:15: Notice  : Scanning File: DBI::DBD
2011-02-08 17:59:15: Notice  : Scanning File: DBI::DBD::Metadata
2011-02-08 17:59:15: Notice  : Scanning File: DBI::DBD::SqlEngine
2011-02-08 17:59:16: Notice  : Scanning File: DBI::FAQ
2011-02-08 17:59:16: Notice  : Scanning File: DBI::Gofer::Execute
2011-02-08 17:59:16: Notice  : Scanning File: DBI::Gofer::Request
2011-02-08 17:59:16: Notice  : Scanning File: DBI::Gofer::Response
2011-02-08 17:59:16: Notice  : Scanning File: DBI::Gofer::Serializer::Base
2011-02-08 17:59:16: Notice  : Scanning File: DBI::Gofer::Serializer::DataDumper
2011-02-08 17:59:16: Notice  : Scanning File: DBI::Gofer::Serializer::Storable
2011-02-08 17:59:16: Notice  : Scanning File: DBI::Gofer::Transport::Base
2011-02-08 17:59:16: Notice  : Scanning File: DBI::Gofer::Transport::pipeone
2011-02-08 17:59:16: Notice  : Scanning File: DBI::Gofer::Transport::stream
2011-02-08 17:59:16: Notice  : Scanning File: DBI::Profile
2011-02-08 17:59:17: Notice  : Scanning File: DBI::ProfileData
2011-02-08 17:59:17: Notice  : Scanning File: DBI::ProfileDumper
2011-02-08 17:59:17: Notice  : Scanning File: DBI::ProfileDumper::Apache
2011-02-08 17:59:17: Notice  : Scanning File: DBI::ProfileSubs
2011-02-08 17:59:17: Notice  : Scanning File: DBI::ProxyServer
2011-02-08 17:59:17: Notice  : Scanning File: DBI::PurePerl
2011-02-08 17:59:18: Notice  : Scanning File: DBI::SQL::Nano
2011-02-08 17:59:18: Notice  : Scanning File: DBI::Util::CacheMemory
2011-02-08 17:59:18: Notice  : Scanning File: DBI::Util::_accessor
2011-02-08 17:59:18: Notice  : Scanning File: DBI::W32ODBC
2011-02-08 17:59:18: Notice  : Scanning File: bytes
2011-02-08 17:59:18: Notice  : Scanning File: B::Deparse
2011-02-08 17:59:20: Notice  : Scanning File: overload
2011-02-08 17:59:20: Notice  : Scanning File: re
2011-02-08 17:59:20: Notice  : Scanning File: Encode::CJKConstants
2011-02-08 17:59:20: Notice  : Scanning File: Encode::CN
2011-02-08 17:59:20: Notice  : Scanning File: Encode::CN::HZ
2011-02-08 17:59:21: Notice  : Scanning File: Encode::Config
2011-02-08 17:59:21: Notice  : Scanning File: Encode::EBCDIC
2011-02-08 17:59:21: Notice  : Scanning File: Encode::GSM0338
2011-02-08 17:59:21: Notice  : Scanning File: Encode::Guess
2011-02-08 17:59:21: Notice  : Scanning File: Encode::JP
2011-02-08 17:59:21: Notice  : Scanning File: Encode::JP::H2Z
2011-02-08 17:59:21: Notice  : Scanning File: Encode::JP::JIS7
2011-02-08 17:59:21: Notice  : Scanning File: Encode::KR
2011-02-08 17:59:21: Notice  : Scanning File: Encode::KR::2022_KR
2011-02-08 17:59:21: Notice  : Scanning File: Encode::MIME::Header
2011-02-08 17:59:21: Notice  : Scanning File: Encode::MIME::Header::ISO_2022_JP
2011-02-08 17:59:21: Notice  : Scanning File: Encode::MIME::Name
2011-02-08 17:59:21: Notice  : Scanning File: Encode::TW
2011-02-08 17:59:21: Notice  : Scanning File: Encode::Unicode
2011-02-08 17:59:22: Notice  : Scanning File: Encode::Unicode::UTF7
2011-02-08 17:59:22: Notice  : Scanning File: HTTP::Date
2011-02-08 17:59:22: Notice  : Scanning File: HTTP::Request
2011-02-08 17:59:22: Notice  : Scanning File: HTTP::Status
2011-02-08 17:59:22: Notice  : Scanning File: LWP::Authen::Basic
2011-02-08 17:59:22: Notice  : Scanning File: LWP::Authen::Digest
2011-02-08 17:59:22: Notice  : Scanning File: LWP::Authen::Ntlm
2011-02-08 17:59:22: Notice  : Scanning File: LWP::Protocol::GHTTP
2011-02-08 17:59:22: Notice  : Scanning File: LWP::Protocol::cpan
2011-02-08 17:59:22: Notice  : Scanning File: LWP::Protocol::data
2011-02-08 17:59:22: Notice  : Scanning File: LWP::Protocol::file
2011-02-08 17:59:22: Notice  : Scanning File: LWP::Protocol::ftp
2011-02-08 17:59:22: Notice  : Scanning File: LWP::Protocol::gopher
2011-02-08 17:59:23: Notice  : Scanning File: LWP::Protocol::http
2011-02-08 17:59:23: Notice  : Scanning File: LWP::Protocol::http10
2011-02-08 17:59:23: Notice  : Scanning File: LWP::Protocol::https
2011-02-08 17:59:23: Notice  : Scanning File: LWP::Protocol::https10
2011-02-08 17:59:23: Notice  : Scanning File: LWP::Protocol::loopback
2011-02-08 17:59:23: Notice  : Scanning File: LWP::Protocol::mailto
2011-02-08 17:59:23: Notice  : Scanning File: LWP::Protocol::nntp
2011-02-08 17:59:23: Notice  : Scanning File: LWP::Protocol::nogo
2011-02-08 17:59:23: Notice  : Scanning File: URI::http
2011-02-08 17:59:23: Notice  : Scanning File: HTML::HeadParser
2011-02-08 17:59:23: Notice  : Scanning File: HTTP::Config
2011-02-08 17:59:24: Notice  : Scanning File: HTTP::Cookies
2011-02-08 17:59:24: Notice  : Scanning File: HTTP::Headers
2011-02-08 17:59:24: Notice  : Scanning File: HTTP::Headers::Util
2011-02-08 17:59:24: Notice  : Scanning File: HTTP::Request::Common
2011-02-08 17:59:24: Notice  : Scanning File: HTTP::Response
2011-02-08 17:59:24: Notice  : Scanning File: LWP
2011-02-08 17:59:25: Notice  : Scanning File: LWP::ConnCache
2011-02-08 17:59:25: Notice  : Scanning File: LWP::MemberMixin
2011-02-08 17:59:25: Notice  : Scanning File: LWP::Protocol
2011-02-08 17:59:25: Notice  : Scanning File: uri
2011-02-08 17:59:25: Notice  : Scanning File: Fcntl
2011-02-08 17:59:25: Notice  : Scanning File: URI::Heuristic
2011-02-08 17:59:25: Notice  : Scanning File: URI::IRI
2011-02-08 17:59:25: Notice  : Scanning File: URI::QueryParam
2011-02-08 17:59:25: Notice  : Scanning File: URI::Split
2011-02-08 17:59:25: Notice  : Scanning File: URI::WithBase
2011-02-08 17:59:25: Notice  : Scanning File: URI::_foreign
2011-02-08 17:59:25: Notice  : Scanning File: URI::_generic
2011-02-08 17:59:25: Notice  : Scanning File: URI::_idna
2011-02-08 17:59:25: Notice  : Scanning File: URI::_ldap
2011-02-08 17:59:26: Notice  : Scanning File: URI::_login
2011-02-08 17:59:26: Notice  : Scanning File: URI::_punycode
2011-02-08 17:59:26: Notice  : Scanning File: URI::_query
2011-02-08 17:59:26: Notice  : Scanning File: URI::_segment
2011-02-08 17:59:26: Notice  : Scanning File: URI::_server
2011-02-08 17:59:26: Notice  : Scanning File: URI::_userpass
2011-02-08 17:59:26: Notice  : Scanning File: URI::data
2011-02-08 17:59:26: Notice  : Scanning File: URI::file
2011-02-08 17:59:26: Notice  : Scanning File: URI::file::Base
2011-02-08 17:59:26: Notice  : Scanning File: URI::file::FAT
2011-02-08 17:59:26: Notice  : Scanning File: URI::file::Mac
2011-02-08 17:59:26: Notice  : Scanning File: URI::file::OS2
2011-02-08 17:59:26: Notice  : Scanning File: URI::file::QNX
2011-02-08 17:59:26: Notice  : Scanning File: URI::file::Unix
2011-02-08 17:59:26: Notice  : Scanning File: URI::file::Win32
2011-02-08 17:59:26: Notice  : Scanning File: URI::ftp
2011-02-08 17:59:26: Notice  : Scanning File: URI::gopher
2011-02-08 17:59:26: Notice  : Scanning File: URI::https
2011-02-08 17:59:26: Notice  : Scanning File: URI::ldap
2011-02-08 17:59:26: Notice  : Scanning File: URI::ldapi
2011-02-08 17:59:26: Notice  : Scanning File: URI::ldaps
2011-02-08 17:59:26: Notice  : Scanning File: URI::mailto
2011-02-08 17:59:26: Notice  : Scanning File: URI::mms
2011-02-08 17:59:26: Notice  : Scanning File: URI::news
2011-02-08 17:59:27: Notice  : Scanning File: URI::nntp
2011-02-08 17:59:27: Notice  : Scanning File: URI::pop
2011-02-08 17:59:27: Notice  : Scanning File: URI::rlogin
2011-02-08 17:59:27: Notice  : Scanning File: URI::rsync
2011-02-08 17:59:27: Notice  : Scanning File: URI::rtsp
2011-02-08 17:59:27: Notice  : Scanning File: URI::rtspu
2011-02-08 17:59:27: Notice  : Scanning File: URI::sip
2011-02-08 17:59:27: Notice  : Scanning File: URI::sips
2011-02-08 17:59:27: Notice  : Scanning File: URI::snews
2011-02-08 17:59:27: Notice  : Scanning File: URI::ssh
2011-02-08 17:59:27: Notice  : Scanning File: URI::telnet
2011-02-08 17:59:27: Notice  : Scanning File: URI::tn3270
2011-02-08 17:59:27: Notice  : Scanning File: URI::urn
2011-02-08 17:59:27: Notice  : Scanning File: URI::urn::isbn
2011-02-08 17:59:27: Notice  : Scanning File: URI::urn::oid
2011-02-08 17:59:27: Notice  : Scanning File: Win32::Locale
2011-02-08 17:59:27: Notice  : Scanning File: Win32::TieRegistry
2011-02-08 17:59:28: Notice  : Scanning File: IO::Handle
2011-02-08 17:59:28: Notice  : Scanning File: XML::NamespaceSupport
2011-02-08 17:59:28: Notice  : Scanning File: XML::Parser
2011-02-08 17:59:28: Notice  : Scanning File: XML::SAX
2011-02-08 17:59:29: Notice  : Scanning File: XML::SAX::ParserFactory
2011-02-08 17:59:29: Notice  : Scanning File: Unicode::Collate
2011-02-08 17:59:29: Notice  : Scanning File: Unicode::Collate::CJK::Big5
2011-02-08 17:59:29: Notice  : Scanning File: Unicode::Collate::CJK::GB2312
2011-02-08 17:59:29: Notice  : Scanning File: Unicode::Collate::CJK::JISX0208
2011-02-08 17:59:29: Notice  : Scanning File: Unicode::Collate::CJK::Pinyin
2011-02-08 17:59:29: Notice  : Scanning File: Unicode::Collate::CJK::Stroke
2011-02-08 17:59:29: Notice  : Scanning File: Unicode::Collate::Locale
2011-02-08 17:59:29: Notice  : Scanning File: Unicode::Normalize
2011-02-08 17:59:29: Notice  : Scanning File: Unicode::UCD
2011-02-08 17:59:30: Notice  : Scanning File: integer
2011-02-08 17:59:30: Notice  : Scanning File: Unicode/Collate/Locale/af.pl
2011-02-08 17:59:30: Notice  : Scanning File: Unicode/Collate/Locale/ar.pl
2011-02-08 17:59:30: Notice  : Scanning File: Unicode/Collate/Locale/az.pl
2011-02-08 17:59:30: Notice  : Scanning File: Unicode/Collate/Locale/ca.pl
2011-02-08 17:59:30: Notice  : Scanning File: Unicode/Collate/Locale/cs.pl
2011-02-08 17:59:30: Notice  : Scanning File: Unicode/Collate/Locale/cy.pl
2011-02-08 17:59:30: Notice  : Scanning File: Unicode/Collate/Locale/da.pl
2011-02-08 17:59:30: Notice  : Scanning File: Unicode/Collate/Locale/de_phone.pl
2011-02-08 17:59:30: Notice  : Scanning File: Unicode/Collate/Locale/eo.pl
2011-02-08 17:59:30: Notice  : Scanning File: Unicode/Collate/Locale/es.pl
2011-02-08 17:59:30: Notice  : Scanning File: Unicode/Collate/Locale/es_trad.pl
2011-02-08 17:59:30: Notice  : Scanning File: Unicode/Collate/Locale/et.pl
2011-02-08 17:59:30: Notice  : Scanning File: Unicode/Collate/Locale/fi.pl
2011-02-08 17:59:30: Notice  : Scanning File: Unicode/Collate/Locale/fil.pl
2011-02-08 17:59:30: Notice  : Scanning File: Unicode/Collate/Locale/fo.pl
2011-02-08 17:59:30: Notice  : Scanning File: Unicode/Collate/Locale/fr.pl
2011-02-08 17:59:30: Notice  : Scanning File: Unicode/Collate/Locale/ha.pl
2011-02-08 17:59:30: Notice  : Scanning File: Unicode/Collate/Locale/haw.pl
2011-02-08 17:59:30: Notice  : Scanning File: Unicode/Collate/Locale/hr.pl
2011-02-08 17:59:30: Notice  : Scanning File: Unicode/Collate/Locale/hu.pl
2011-02-08 17:59:30: Notice  : Scanning File: Unicode/Collate/Locale/hy.pl
2011-02-08 17:59:30: Notice  : Scanning File: Unicode/Collate/Locale/ig.pl
2011-02-08 17:59:30: Notice  : Scanning File: Unicode/Collate/Locale/is.pl
2011-02-08 17:59:31: Notice  : Scanning File: Unicode/Collate/Locale/ja.pl
2011-02-08 17:59:32: Notice  : Scanning File: Unicode/Collate/Locale/kk.pl
2011-02-08 17:59:32: Notice  : Scanning File: Unicode/Collate/Locale/kl.pl
2011-02-08 17:59:32: Notice  : Scanning File: Unicode/Collate/Locale/lt.pl
2011-02-08 17:59:32: Notice  : Scanning File: Unicode/Collate/Locale/lv.pl
2011-02-08 17:59:32: Notice  : Scanning File: Unicode/Collate/Locale/mt.pl
2011-02-08 17:59:32: Notice  : Scanning File: Unicode/Collate/Locale/nb.pl
2011-02-08 17:59:32: Notice  : Scanning File: Unicode/Collate/Locale/nn.pl
2011-02-08 17:59:32: Notice  : Scanning File: Unicode/Collate/Locale/nso.pl
2011-02-08 17:59:32: Notice  : Scanning File: Unicode/Collate/Locale/om.pl
2011-02-08 17:59:32: Notice  : Scanning File: Unicode/Collate/Locale/pl.pl
2011-02-08 17:59:32: Notice  : Scanning File: Unicode/Collate/Locale/ro.pl
2011-02-08 17:59:32: Notice  : Scanning File: Unicode/Collate/Locale/ru.pl
2011-02-08 17:59:32: Notice  : Scanning File: Unicode/Collate/Locale/se.pl
2011-02-08 17:59:32: Notice  : Scanning File: Unicode/Collate/Locale/sk.pl
2011-02-08 17:59:32: Notice  : Scanning File: Unicode/Collate/Locale/sl.pl
2011-02-08 17:59:32: Notice  : Scanning File: Unicode/Collate/Locale/sq.pl
2011-02-08 17:59:33: Notice  : Scanning File: Unicode/Collate/Locale/sv.pl
2011-02-08 17:59:33: Notice  : Scanning File: Unicode/Collate/Locale/sw.pl
2011-02-08 17:59:33: Notice  : Scanning File: Unicode/Collate/Locale/tn.pl
2011-02-08 17:59:33: Notice  : Scanning File: Unicode/Collate/Locale/to.pl
2011-02-08 17:59:33: Notice  : Scanning File: Unicode/Collate/Locale/tr.pl
2011-02-08 17:59:33: Notice  : Scanning File: Unicode/Collate/Locale/uk.pl
2011-02-08 17:59:33: Notice  : Scanning File: Unicode/Collate/Locale/vi.pl
2011-02-08 17:59:33: Notice  : Scanning File: Unicode/Collate/Locale/wo.pl
2011-02-08 17:59:33: Notice  : Scanning File: Unicode/Collate/Locale/yo.pl
2011-02-08 17:59:33: Notice  : Scanning File: Unicode/Collate/Locale/zh.pl
2011-02-08 17:59:33: Notice  : Scanning File: Unicode/Collate/Locale/zh_big5.pl
2011-02-08 17:59:33: Notice  : Scanning File: Unicode/Collate/Locale/zh_gb.pl
2011-02-08 17:59:34: Notice  : Scanning File: Unicode/Collate/Locale/zh_pin.pl
2011-02-08 17:59:34: Notice  : Scanning File: Unicode/Collate/Locale/zh_strk.pl
2011-02-08 17:59:36: Notice  : Scanning File: utf8_heavy.pl
2011-02-08 17:59:36: Notice  : Scanning File: MIME::QuotedPrint
2011-02-08 17:59:36: Notice  : Scanning File: List::Util
2011-02-08 17:59:36: Notice  : Scanning File: Scalar::Util::PP
2011-02-08 17:59:36: Notice  : Scanning File: Math::BigInt
2011-02-08 17:59:37: Notice  : Scanning File: Tie::Handle
2011-02-08 17:59:37: Notice  : Scanning File: Win32API/File/cFile.pc
2011-02-08 17:59:37: Notice  : Scanning File: DBM::Deep::Engine
2011-02-08 17:59:38: Notice  : Scanning File: Hash::Util::FieldHash
2011-02-08 17:59:38: Notice  : Scanning File: Compress::Zlib
2011-02-08 17:59:38: Notice  : Scanning File: auto/Compress/Zlib/autosplit.ix
2011-02-08 17:59:38: Notice  : Scanning File: Debug::Simple
2011-02-08 17:59:38: Notice  : Scanning File: IO::Uncompress::Unzip
2011-02-08 17:59:38: Notice  : Scanning File: encoding
2011-02-08 17:59:38: Notice  : Scanning File: Config_heavy.pl
2011-02-08 17:59:39: Notice  : Scanning File: IO::Seekable
2011-02-08 17:59:39: Notice  : Scanning File: SelectSaver
2011-02-08 17:59:39: Notice  : Scanning File: mro
2011-02-08 17:59:39: Notice  : Scanning File: BerkeleyDB
2011-02-08 17:59:40: Notice  : Scanning File: auto/BerkeleyDB/autosplit.ix
2011-02-08 17:59:40: Notice  : Scanning File: DBD::Gofer
2011-02-08 17:59:40: Notice  : Scanning File: vmsish
2011-02-08 17:59:40: Notice  : Scanning File: Clone
2011-02-08 17:59:40: Notice  : Scanning File: auto/Clone/autosplit.ix
2011-02-08 17:59:40: Notice  : Scanning File: Errno
2011-02-08 17:59:42: Notice  : Scanning File: Win32::ODBC
2011-02-08 17:59:42: Notice  : Scanning File: bytes_heavy.pl
2011-02-08 17:59:42: Notice  : Scanning File: B
2011-02-08 17:59:43: Notice  : Scanning File: Term::Cap
2011-02-08 17:59:43: Notice  : Scanning File: MIME::Base64
2011-02-08 17:59:43: Notice  : Scanning File: Time::Local
2011-02-08 17:59:43: Notice  : Scanning File: HTTP::Message
2011-02-08 17:59:43: Notice  : Scanning File: Digest::MD5
2011-02-08 17:59:43: Notice  : Scanning File: CPAN::Config
2011-02-08 17:59:43: Notice  : Scanning File: LWP::MediaTypes
2011-02-08 17:59:44: Notice  : Scanning File: File::Listing
2011-02-08 17:59:44: Notice  : Scanning File: HTTP::Negotiate
2011-02-08 17:59:44: Notice  : Scanning File: Net::FTP
2011-02-08 17:59:44: Notice  : Scanning File: IO::Select
2011-02-08 17:59:44: Notice  : Scanning File: IO::Socket
2011-02-08 17:59:45: Notice  : Scanning File: IO::Socket::INET
2011-02-08 17:59:45: Notice  : Scanning File: Net::HTTP
2011-02-08 17:59:45: Notice  : Scanning File: Net::HTTPS
2011-02-08 17:59:45: Notice  : Scanning File: IO::Socket::SSL
2011-02-08 17:59:46: Notice  : Scanning File: Net::SSL
2011-02-08 17:59:46: Notice  : Scanning File: Net::NNTP
2011-02-08 17:59:46: Notice  : Scanning File: HTTP::Cookies::Netscape
2011-02-08 17:59:46: Notice  : Scanning File: Net::Domain
2011-02-08 17:59:46: Notice  : Scanning File: Win32API::Registry
2011-02-08 17:59:46: Notice  : Scanning File: Win32::WinError
2011-02-08 17:59:47: Notice  : Scanning File: IO
2011-02-08 17:59:47: Notice  : Scanning File: XML::Parser::Expat
2011-02-08 17:59:47: Notice  : Scanning File: XML::Parser::Lite
2011-02-08 17:59:47: Notice  : Scanning File: XML::Parser::Style::Debug
2011-02-08 17:59:47: Notice  : Scanning File: XML::Parser::Style::Objects
2011-02-08 17:59:47: Notice  : Scanning File: XML::Parser::Style::Stream
2011-02-08 17:59:48: Notice  : Scanning File: XML::Parser::Style::Subs
2011-02-08 17:59:48: Notice  : Scanning File: XML::Parser::Style::Tree
2011-02-08 17:59:48: Notice  : Scanning File: XML/Parser/LWPExternEnt.pl
2011-02-08 17:59:48: Notice  : Scanning File: XML::SAX::Exception
2011-02-08 17:59:48: Notice  : Scanning File: Search::Dict
2011-02-08 17:59:48: Notice  : Scanning File: List::Util::PP
2011-02-08 17:59:48: Notice  : Scanning File: Math::BigInt::Calc
2011-02-08 17:59:49: Notice  : Scanning File: Math::BigInt::CalcEmu
2011-02-08 17:59:49: Notice  : Scanning File: Math::BigInt::FastCalc
2011-02-08 17:59:49: Notice  : Scanning File: Math::BigInt::GMP
2011-02-08 17:59:49: Notice  : Scanning File: Math::BigInt::Trace
2011-02-08 17:59:49: Notice  : Scanning File: Math::BigFloat
2011-02-08 17:59:50: Notice  : Scanning File: Tie::StdHandle
2011-02-08 17:59:51: Notice  : Scanning File: DBM::Deep::Iterator
2011-02-08 17:59:51: Notice  : Scanning File: Compress::Raw::Zlib
2011-02-08 17:59:51: Notice  : Scanning File: auto/Compress/Raw/Zlib/autosplit.ix
2011-02-08 17:59:51: Notice  : Scanning File: IO::Compress::Base::Common
2011-02-08 17:59:51: Notice  : Scanning File: IO::Compress::Gzip
2011-02-08 17:59:51: Notice  : Scanning File: IO::Compress::Gzip::Constants
2011-02-08 17:59:51: Notice  : Scanning File: IO::Uncompress::Gunzip
2011-02-08 17:59:52: Notice  : Scanning File: Term::ANSIColor
2011-02-08 17:59:52: Notice  : Scanning File: IO::Compress::Zip::Constants
2011-02-08 17:59:52: Notice  : Scanning File: IO::Compress::Zlib::Extra
2011-02-08 17:59:52: Notice  : Scanning File: IO::Uncompress::Adapter::Bunzip2
2011-02-08 17:59:52: Notice  : Scanning File: IO::Uncompress::Adapter::Identity
2011-02-08 17:59:52: Notice  : Scanning File: IO::Uncompress::Adapter::Inflate
2011-02-08 17:59:52: Notice  : Scanning File: IO::Uncompress::RawInflate
2011-02-08 17:59:52: Notice  : Scanning File: POSIX
2011-02-08 17:59:52: Notice  : Scanning File: auto/POSIX/abs.al
2011-02-08 17:59:52: Notice  : Scanning File: auto/POSIX/alarm.al
2011-02-08 17:59:52: Notice  : Scanning File: auto/POSIX/assert.al
2011-02-08 17:59:52: Notice  : Scanning File: auto/POSIX/atan2.al
2011-02-08 17:59:52: Notice  : Scanning File: auto/POSIX/atexit.al
2011-02-08 17:59:52: Notice  : Scanning File: auto/POSIX/atof.al
2011-02-08 17:59:52: Notice  : Scanning File: auto/POSIX/atoi.al
2011-02-08 17:59:52: Notice  : Scanning File: auto/POSIX/atol.al
2011-02-08 17:59:52: Notice  : Scanning File: auto/POSIX/bsearch.al
2011-02-08 17:59:53: Notice  : Scanning File: auto/POSIX/calloc.al
2011-02-08 17:59:53: Notice  : Scanning File: auto/POSIX/chdir.al
2011-02-08 17:59:53: Notice  : Scanning File: auto/POSIX/chmod.al
2011-02-08 17:59:53: Notice  : Scanning File: auto/POSIX/chown.al
2011-02-08 17:59:53: Notice  : Scanning File: auto/POSIX/clearerr.al
2011-02-08 17:59:53: Notice  : Scanning File: auto/POSIX/closedir.al
2011-02-08 17:59:53: Notice  : Scanning File: auto/POSIX/cos.al
2011-02-08 17:59:53: Notice  : Scanning File: auto/POSIX/creat.al
2011-02-08 17:59:53: Notice  : Scanning File: auto/POSIX/div.al
2011-02-08 17:59:53: Notice  : Scanning File: auto/POSIX/errno.al
2011-02-08 17:59:53: Notice  : Scanning File: auto/POSIX/execl.al
2011-02-08 17:59:53: Notice  : Scanning File: auto/POSIX/execle.al
2011-02-08 17:59:53: Notice  : Scanning File: auto/POSIX/execlp.al
2011-02-08 17:59:53: Notice  : Scanning File: auto/POSIX/execv.al
2011-02-08 17:59:53: Notice  : Scanning File: auto/POSIX/execve.al
2011-02-08 17:59:53: Notice  : Scanning File: auto/POSIX/execvp.al
2011-02-08 17:59:53: Notice  : Scanning File: auto/POSIX/exit.al
2011-02-08 17:59:53: Notice  : Scanning File: auto/POSIX/exp.al
2011-02-08 17:59:53: Notice  : Scanning File: auto/POSIX/fabs.al
2011-02-08 17:59:53: Notice  : Scanning File: auto/POSIX/fclose.al
2011-02-08 17:59:53: Notice  : Scanning File: auto/POSIX/fcntl.al
2011-02-08 17:59:53: Notice  : Scanning File: auto/POSIX/fdopen.al
2011-02-08 17:59:53: Notice  : Scanning File: auto/POSIX/feof.al
2011-02-08 17:59:53: Notice  : Scanning File: auto/POSIX/ferror.al
2011-02-08 17:59:53: Notice  : Scanning File: auto/POSIX/fflush.al
2011-02-08 17:59:53: Notice  : Scanning File: auto/POSIX/fgetc.al
2011-02-08 17:59:53: Notice  : Scanning File: auto/POSIX/fgetpos.al
2011-02-08 17:59:53: Notice  : Scanning File: auto/POSIX/fgets.al
2011-02-08 17:59:53: Notice  : Scanning File: auto/POSIX/fileno.al
2011-02-08 17:59:53: Notice  : Scanning File: auto/POSIX/fopen.al
2011-02-08 17:59:53: Notice  : Scanning File: auto/POSIX/fork.al
2011-02-08 17:59:53: Notice  : Scanning File: auto/POSIX/fprintf.al
2011-02-08 17:59:53: Notice  : Scanning File: auto/POSIX/fputc.al
2011-02-08 17:59:53: Notice  : Scanning File: auto/POSIX/fputs.al
2011-02-08 17:59:53: Notice  : Scanning File: auto/POSIX/fread.al
2011-02-08 17:59:53: Notice  : Scanning File: auto/POSIX/free.al
2011-02-08 17:59:53: Notice  : Scanning File: auto/POSIX/freopen.al
2011-02-08 17:59:53: Notice  : Scanning File: auto/POSIX/fscanf.al
2011-02-08 17:59:53: Notice  : Scanning File: auto/POSIX/fseek.al
2011-02-08 17:59:53: Notice  : Scanning File: auto/POSIX/fsetpos.al
2011-02-08 17:59:53: Notice  : Scanning File: auto/POSIX/fstat.al
2011-02-08 17:59:53: Notice  : Scanning File: auto/POSIX/fsync.al
2011-02-08 17:59:53: Notice  : Scanning File: auto/POSIX/ftell.al
2011-02-08 17:59:53: Notice  : Scanning File: auto/POSIX/fwrite.al
2011-02-08 17:59:53: Notice  : Scanning File: auto/POSIX/getc.al
2011-02-08 17:59:53: Notice  : Scanning File: auto/POSIX/getchar.al
2011-02-08 17:59:53: Notice  : Scanning File: auto/POSIX/getegid.al
2011-02-08 17:59:53: Notice  : Scanning File: auto/POSIX/getenv.al
2011-02-08 17:59:53: Notice  : Scanning File: auto/POSIX/geteuid.al
2011-02-08 17:59:53: Notice  : Scanning File: auto/POSIX/getgid.al
2011-02-08 17:59:53: Notice  : Scanning File: auto/POSIX/getgrgid.al
2011-02-08 17:59:53: Notice  : Scanning File: auto/POSIX/getgrnam.al
2011-02-08 17:59:53: Notice  : Scanning File: auto/POSIX/getgroups.al
2011-02-08 17:59:53: Notice  : Scanning File: auto/POSIX/getlogin.al
2011-02-08 17:59:53: Notice  : Scanning File: auto/POSIX/getpgrp.al
2011-02-08 17:59:53: Notice  : Scanning File: auto/POSIX/getpid.al
2011-02-08 17:59:53: Notice  : Scanning File: auto/POSIX/getppid.al
2011-02-08 17:59:53: Notice  : Scanning File: auto/POSIX/getpwnam.al
2011-02-08 17:59:53: Notice  : Scanning File: auto/POSIX/getpwuid.al
2011-02-08 17:59:53: Notice  : Scanning File: auto/POSIX/gets.al
2011-02-08 17:59:53: Notice  : Scanning File: auto/POSIX/getuid.al
2011-02-08 17:59:53: Notice  : Scanning File: auto/POSIX/gmtime.al
2011-02-08 17:59:53: Notice  : Scanning File: auto/POSIX/isatty.al
2011-02-08 17:59:53: Notice  : Scanning File: auto/POSIX/kill.al
2011-02-08 17:59:53: Notice  : Scanning File: auto/POSIX/labs.al
2011-02-08 17:59:53: Notice  : Scanning File: auto/POSIX/ldiv.al
2011-02-08 17:59:53: Notice  : Scanning File: auto/POSIX/link.al
2011-02-08 17:59:53: Notice  : Scanning File: auto/POSIX/load_imports.al
2011-02-08 17:59:53: Notice  : Scanning File: auto/POSIX/localtime.al
2011-02-08 17:59:53: Notice  : Scanning File: auto/POSIX/log.al
2011-02-08 17:59:53: Notice  : Scanning File: auto/POSIX/longjmp.al
2011-02-08 17:59:53: Notice  : Scanning File: auto/POSIX/malloc.al
2011-02-08 17:59:53: Notice  : Scanning File: auto/POSIX/memchr.al
2011-02-08 17:59:53: Notice  : Scanning File: auto/POSIX/memcmp.al
2011-02-08 17:59:53: Notice  : Scanning File: auto/POSIX/memcpy.al
2011-02-08 17:59:53: Notice  : Scanning File: auto/POSIX/memmove.al
2011-02-08 17:59:53: Notice  : Scanning File: auto/POSIX/memset.al
2011-02-08 17:59:53: Notice  : Scanning File: auto/POSIX/mkdir.al
2011-02-08 17:59:53: Notice  : Scanning File: auto/POSIX/offsetof.al
2011-02-08 17:59:53: Notice  : Scanning File: auto/POSIX/opendir.al
2011-02-08 17:59:53: Notice  : Scanning File: auto/POSIX/perror.al
2011-02-08 17:59:53: Notice  : Scanning File: auto/POSIX/pow.al
2011-02-08 17:59:53: Notice  : Scanning File: auto/POSIX/printf.al
2011-02-08 17:59:53: Notice  : Scanning File: auto/POSIX/putc.al
2011-02-08 17:59:53: Notice  : Scanning File: auto/POSIX/putchar.al
2011-02-08 17:59:53: Notice  : Scanning File: auto/POSIX/puts.al
2011-02-08 17:59:53: Notice  : Scanning File: auto/POSIX/qsort.al
2011-02-08 17:59:53: Notice  : Scanning File: auto/POSIX/raise.al
2011-02-08 17:59:53: Notice  : Scanning File: auto/POSIX/rand.al
2011-02-08 17:59:53: Notice  : Scanning File: auto/POSIX/readdir.al
2011-02-08 17:59:53: Notice  : Scanning File: auto/POSIX/realloc.al
2011-02-08 17:59:53: Notice  : Scanning File: auto/POSIX/redef.al
2011-02-08 17:59:53: Notice  : Scanning File: auto/POSIX/remove.al
2011-02-08 17:59:53: Notice  : Scanning File: auto/POSIX/rename.al
2011-02-08 17:59:54: Notice  : Scanning File: auto/POSIX/rewind.al
2011-02-08 17:59:54: Notice  : Scanning File: auto/POSIX/rewinddir.al
2011-02-08 17:59:54: Notice  : Scanning File: auto/POSIX/rmdir.al
2011-02-08 17:59:54: Notice  : Scanning File: auto/POSIX/scanf.al
2011-02-08 17:59:54: Notice  : Scanning File: auto/POSIX/setbuf.al
2011-02-08 17:59:54: Notice  : Scanning File: auto/POSIX/setjmp.al
2011-02-08 17:59:54: Notice  : Scanning File: auto/POSIX/setvbuf.al
2011-02-08 17:59:54: Notice  : Scanning File: auto/POSIX/siglongjmp.al
2011-02-08 17:59:54: Notice  : Scanning File: auto/POSIX/sigsetjmp.al
2011-02-08 17:59:54: Notice  : Scanning File: auto/POSIX/sin.al
2011-02-08 17:59:54: Notice  : Scanning File: auto/POSIX/sleep.al
2011-02-08 17:59:54: Notice  : Scanning File: auto/POSIX/sprintf.al
2011-02-08 17:59:54: Notice  : Scanning File: auto/POSIX/sqrt.al
2011-02-08 17:59:54: Notice  : Scanning File: auto/POSIX/srand.al
2011-02-08 17:59:54: Notice  : Scanning File: auto/POSIX/sscanf.al
2011-02-08 17:59:54: Notice  : Scanning File: auto/POSIX/stat.al
2011-02-08 17:59:54: Notice  : Scanning File: auto/POSIX/strcat.al
2011-02-08 17:59:54: Notice  : Scanning File: auto/POSIX/strchr.al
2011-02-08 17:59:54: Notice  : Scanning File: auto/POSIX/strcmp.al
2011-02-08 17:59:54: Notice  : Scanning File: auto/POSIX/strcpy.al
2011-02-08 17:59:54: Notice  : Scanning File: auto/POSIX/strcspn.al
2011-02-08 17:59:54: Notice  : Scanning File: auto/POSIX/strerror.al
2011-02-08 17:59:54: Notice  : Scanning File: auto/POSIX/strlen.al
2011-02-08 17:59:54: Notice  : Scanning File: auto/POSIX/strncat.al
2011-02-08 17:59:54: Notice  : Scanning File: auto/POSIX/strncmp.al
2011-02-08 17:59:54: Notice  : Scanning File: auto/POSIX/strncpy.al
2011-02-08 17:59:54: Notice  : Scanning File: auto/POSIX/strpbrk.al
2011-02-08 17:59:54: Notice  : Scanning File: auto/POSIX/strrchr.al
2011-02-08 17:59:54: Notice  : Scanning File: auto/POSIX/strspn.al
2011-02-08 17:59:54: Notice  : Scanning File: auto/POSIX/strstr.al
2011-02-08 17:59:54: Notice  : Scanning File: auto/POSIX/strtok.al
2011-02-08 17:59:54: Notice  : Scanning File: auto/POSIX/system.al
2011-02-08 17:59:54: Notice  : Scanning File: auto/POSIX/time.al
2011-02-08 17:59:54: Notice  : Scanning File: auto/POSIX/tmpfile.al
2011-02-08 17:59:54: Notice  : Scanning File: auto/POSIX/tolower.al
2011-02-08 17:59:54: Notice  : Scanning File: auto/POSIX/toupper.al
2011-02-08 17:59:54: Notice  : Scanning File: auto/POSIX/umask.al
2011-02-08 17:59:54: Notice  : Scanning File: auto/POSIX/ungetc.al
2011-02-08 17:59:54: Notice  : Scanning File: auto/POSIX/unimpl.al
2011-02-08 17:59:54: Notice  : Scanning File: auto/POSIX/unlink.al
2011-02-08 17:59:54: Notice  : Scanning File: auto/POSIX/usage.al
2011-02-08 17:59:54: Notice  : Scanning File: auto/POSIX/utime.al
2011-02-08 17:59:54: Notice  : Scanning File: auto/POSIX/vfprintf.al
2011-02-08 17:59:54: Notice  : Scanning File: auto/POSIX/vprintf.al
2011-02-08 17:59:54: Notice  : Scanning File: auto/POSIX/vsprintf.al
2011-02-08 17:59:54: Notice  : Scanning File: auto/POSIX/wait.al
2011-02-08 17:59:54: Notice  : Scanning File: auto/POSIX/waitpid.al
2011-02-08 17:59:54: Notice  : Scanning File: auto/POSIX/autosplit.ix
2011-02-08 17:59:54: Notice  : Scanning File: encoding::warnings
2011-02-08 17:59:54: Notice  : Scanning File: Filter::Util::Call
2011-02-08 17:59:54: Notice  : Scanning File: Config_git.pl
2011-02-08 17:59:54: Notice  : Scanning File: IO::Compress::Bzip2
2011-02-08 17:59:54: Notice  : Scanning File: IO::Compress::Deflate
2011-02-08 17:59:54: Notice  : Scanning File: IO::Uncompress::Bunzip2
2011-02-08 17:59:54: Notice  : Scanning File: IO::Uncompress::Inflate
2011-02-08 17:59:55: Notice  : Scanning File: Digest::base
2011-02-08 17:59:55: Notice  : Scanning File: LWP::Online
2011-02-08 17:59:55: Notice  : Scanning File: Net::FTP::A
2011-02-08 17:59:55: Notice  : Scanning File: Net::FTP::E
2011-02-08 17:59:55: Notice  : Scanning File: Net::FTP::I
2011-02-08 17:59:55: Notice  : Scanning File: Net::FTP::L
2011-02-08 17:59:55: Notice  : Scanning File: Net::FTP::dataconn
2011-02-08 17:59:55: Notice  : Scanning File: Net::Cmd
2011-02-08 17:59:55: Notice  : Scanning File: Net::Config
2011-02-08 17:59:55: Notice  : Scanning File: Net::Netrc
2011-02-08 17:59:55: Notice  : Scanning File: Socket
2011-02-08 17:59:55: Notice  : Scanning File: IO::Socket::UNIX
2011-02-08 17:59:55: Notice  : Scanning File: Net::HTTP::Methods
2011-02-08 17:59:56: Notice  : Scanning File: Net::SSLeay
2011-02-08 17:59:56: Notice  : Scanning File: auto/Net/SSLeay/debug_read.al
2011-02-08 17:59:56: Notice  : Scanning File: auto/Net/SSLeay/do_https.al
2011-02-08 17:59:56: Notice  : Scanning File: auto/Net/SSLeay/do_https2.al
2011-02-08 17:59:56: Notice  : Scanning File: auto/Net/SSLeay/do_https3.al
2011-02-08 17:59:56: Notice  : Scanning File: auto/Net/SSLeay/do_https4.al
2011-02-08 17:59:56: Notice  : Scanning File: auto/Net/SSLeay/do_httpx2.al
2011-02-08 17:59:56: Notice  : Scanning File: auto/Net/SSLeay/do_httpx3.al
2011-02-08 17:59:56: Notice  : Scanning File: auto/Net/SSLeay/do_httpx4.al
2011-02-08 17:59:56: Notice  : Scanning File: auto/Net/SSLeay/dump_peer_certificate.al
2011-02-08 17:59:56: Notice  : Scanning File: auto/Net/SSLeay/get_http.al
2011-02-08 17:59:56: Notice  : Scanning File: auto/Net/SSLeay/get_http3.al
2011-02-08 17:59:56: Notice  : Scanning File: auto/Net/SSLeay/get_http4.al
2011-02-08 17:59:56: Notice  : Scanning File: auto/Net/SSLeay/get_https.al
2011-02-08 17:59:56: Notice  : Scanning File: auto/Net/SSLeay/get_https3.al
2011-02-08 17:59:56: Notice  : Scanning File: auto/Net/SSLeay/get_https4.al
2011-02-08 17:59:56: Notice  : Scanning File: auto/Net/SSLeay/get_httpx.al
2011-02-08 17:59:56: Notice  : Scanning File: auto/Net/SSLeay/get_httpx3.al
2011-02-08 17:59:56: Notice  : Scanning File: auto/Net/SSLeay/get_httpx4.al
2011-02-08 17:59:56: Notice  : Scanning File: auto/Net/SSLeay/head_http.al
2011-02-08 17:59:56: Notice  : Scanning File: auto/Net/SSLeay/head_http3.al
2011-02-08 17:59:56: Notice  : Scanning File: auto/Net/SSLeay/head_http4.al
2011-02-08 17:59:56: Notice  : Scanning File: auto/Net/SSLeay/head_https.al
2011-02-08 17:59:56: Notice  : Scanning File: auto/Net/SSLeay/head_https3.al
2011-02-08 17:59:56: Notice  : Scanning File: auto/Net/SSLeay/head_https4.al
2011-02-08 17:59:56: Notice  : Scanning File: auto/Net/SSLeay/head_httpx.al
2011-02-08 17:59:56: Notice  : Scanning File: auto/Net/SSLeay/head_httpx3.al
2011-02-08 17:59:56: Notice  : Scanning File: auto/Net/SSLeay/head_httpx4.al
2011-02-08 17:59:56: Notice  : Scanning File: auto/Net/SSLeay/https_cat.al
2011-02-08 17:59:56: Notice  : Scanning File: auto/Net/SSLeay/httpx_cat.al
2011-02-08 17:59:56: Notice  : Scanning File: auto/Net/SSLeay/http_cat.al
2011-02-08 17:59:57: Notice  : Scanning File: auto/Net/SSLeay/make_form.al
2011-02-08 17:59:57: Notice  : Scanning File: auto/Net/SSLeay/make_headers.al
2011-02-08 17:59:57: Notice  : Scanning File: auto/Net/SSLeay/new_x_ctx.al
2011-02-08 17:59:57: Notice  : Scanning File: auto/Net/SSLeay/open_proxy_tcp_connection.al
2011-02-08 17:59:57: Notice  : Scanning File: auto/Net/SSLeay/open_tcp_connection.al
2011-02-08 17:59:57: Notice  : Scanning File: auto/Net/SSLeay/post_http.al
2011-02-08 17:59:57: Notice  : Scanning File: auto/Net/SSLeay/post_http3.al
2011-02-08 17:59:57: Notice  : Scanning File: auto/Net/SSLeay/post_http4.al
2011-02-08 17:59:57: Notice  : Scanning File: auto/Net/SSLeay/post_https.al
2011-02-08 17:59:57: Notice  : Scanning File: auto/Net/SSLeay/post_https3.al
2011-02-08 17:59:57: Notice  : Scanning File: auto/Net/SSLeay/post_https4.al
2011-02-08 17:59:57: Notice  : Scanning File: auto/Net/SSLeay/post_httpx.al
2011-02-08 17:59:57: Notice  : Scanning File: auto/Net/SSLeay/post_httpx3.al
2011-02-08 17:59:57: Notice  : Scanning File: auto/Net/SSLeay/post_httpx4.al
2011-02-08 17:59:57: Notice  : Scanning File: auto/Net/SSLeay/put_http.al
2011-02-08 17:59:57: Notice  : Scanning File: auto/Net/SSLeay/put_http3.al
2011-02-08 17:59:57: Notice  : Scanning File: auto/Net/SSLeay/put_http4.al
2011-02-08 17:59:57: Notice  : Scanning File: auto/Net/SSLeay/put_https.al
2011-02-08 17:59:57: Notice  : Scanning File: auto/Net/SSLeay/put_https3.al
2011-02-08 17:59:57: Notice  : Scanning File: auto/Net/SSLeay/put_https4.al
2011-02-08 17:59:57: Notice  : Scanning File: auto/Net/SSLeay/put_httpx.al
2011-02-08 17:59:57: Notice  : Scanning File: auto/Net/SSLeay/put_httpx3.al
2011-02-08 17:59:57: Notice  : Scanning File: auto/Net/SSLeay/put_httpx4.al
2011-02-08 17:59:57: Notice  : Scanning File: auto/Net/SSLeay/randomize.al
2011-02-08 17:59:57: Notice  : Scanning File: auto/Net/SSLeay/set_cert_and_key.al
2011-02-08 17:59:57: Notice  : Scanning File: auto/Net/SSLeay/set_proxy.al
2011-02-08 17:59:57: Notice  : Scanning File: auto/Net/SSLeay/set_server_cert_and_key.al
2011-02-08 17:59:57: Notice  : Scanning File: auto/Net/SSLeay/sslcat.al
2011-02-08 17:59:57: Notice  : Scanning File: auto/Net/SSLeay/ssl_read_all.al
2011-02-08 17:59:57: Notice  : Scanning File: auto/Net/SSLeay/ssl_read_CRLF.al
2011-02-08 17:59:57: Notice  : Scanning File: auto/Net/SSLeay/ssl_read_until.al
2011-02-08 17:59:57: Notice  : Scanning File: auto/Net/SSLeay/ssl_write_all.al
2011-02-08 17:59:57: Notice  : Scanning File: auto/Net/SSLeay/ssl_write_CRLF.al
2011-02-08 17:59:57: Notice  : Scanning File: auto/Net/SSLeay/tcpcat.al
2011-02-08 17:59:57: Notice  : Scanning File: auto/Net/SSLeay/tcpxcat.al
2011-02-08 17:59:57: Notice  : Scanning File: auto/Net/SSLeay/tcp_read_all.al
2011-02-08 17:59:57: Notice  : Scanning File: auto/Net/SSLeay/tcp_read_CRLF.al
2011-02-08 17:59:57: Notice  : Scanning File: auto/Net/SSLeay/tcp_read_until.al
2011-02-08 17:59:57: Notice  : Scanning File: auto/Net/SSLeay/tcp_write_all.al
2011-02-08 17:59:57: Notice  : Scanning File: auto/Net/SSLeay/tcp_write_CRLF.al
2011-02-08 17:59:57: Notice  : Scanning File: auto/Net/SSLeay/want_nothing.al
2011-02-08 17:59:57: Notice  : Scanning File: auto/Net/SSLeay/want_read.al
2011-02-08 17:59:57: Notice  : Scanning File: auto/Net/SSLeay/want_write.al
2011-02-08 17:59:57: Notice  : Scanning File: auto/Net/SSLeay/want_X509_lookup.al
2011-02-08 17:59:57: Notice  : Scanning File: auto/Net/SSLeay/autosplit.ix
2011-02-08 17:59:57: Notice  : Scanning File: Crypt::SSLeay
2011-02-08 17:59:57: Notice  : Scanning File: Crypt::SSLeay::Conn
2011-02-08 17:59:57: Notice  : Scanning File: Crypt::SSLeay::Err
2011-02-08 17:59:57: Notice  : Scanning File: Crypt::SSLeay::MainContext
2011-02-08 17:59:57: Notice  : Scanning File: Win32API/Registry/cRegistry.pc
2011-02-08 17:59:57: Notice  : Scanning File: IO::Dir
2011-02-08 17:59:58: Notice  : Scanning File: IO::Pipe
2011-02-08 17:59:58: Notice  : Scanning File: Math::BigFloat::Trace
2011-02-08 17:59:58: Notice  : Scanning File: File::GlobMapper
2011-02-08 17:59:58: Notice  : Scanning File: IO::Compress::Base
2011-02-08 17:59:58: Notice  : Scanning File: IO::Compress::RawDeflate
2011-02-08 17:59:58: Notice  : Scanning File: Compress::Raw::Bzip2
2011-02-08 17:59:58: Notice  : Scanning File: auto/Compress/Raw/Bzip2/autosplit.ix
2011-02-08 17:59:58: Notice  : Scanning File: IO::Uncompress::Base
2011-02-08 17:59:59: Notice  : Scanning File: sort
2011-02-08 17:59:59: Notice  : Scanning File: IO::Compress::Adapter::Bzip2
2011-02-08 17:59:59: Notice  : Scanning File: IO::Compress::Zlib::Constants
2011-02-08 17:59:59: Notice  : Scanning File: Test::More
2011-02-08 17:59:59: Notice  : Scanning File: Crypt::SSLeay::X509
2011-02-08 18:00:00: Notice  : Scanning File: Crypt::SSLeay::CTX
2011-02-08 18:00:00: Notice  : Scanning File: File::stat
2011-02-08 18:00:00: Notice  : Scanning File: IO::Compress::Adapter::Deflate
2011-02-08 18:00:00: Notice  : Scanning File: Test::Builder::Module
2011-02-08 18:00:00: Notice  : Scanning File: Class::Struct
2011-02-08 18:00:00: Notice  : Scanning File: Test::Builder
2011-02-08 18:00:00: Notice  : Scanning File: Test::Builder::IO::Scalar
2011-02-08 18:00:01: Notice  : Scanning File: parent
2011-02-08 18:00:01: Notice  : Scanning File: threads::shared
2011-02-08 18:00:01: Notice  : Registering Scanned Files .....
2011-02-08 18:00:08: Notice  : Registered 1266 scanned files
